<?xml version="1.0" encoding="UTF-8"?>
<coverage generated="1770199825915" clover="3.2.0">
  <project timestamp="1770199825915" name="All files">
    <metrics statements="395" coveredstatements="287" conditionals="231" coveredconditionals="136" methods="137" coveredmethods="94" elements="763" coveredelements="517" complexity="0" loc="395" ncloc="395" packages="7" files="21" classes="21"/>
    <package name="api">
      <metrics statements="1" coveredstatements="1" conditionals="2" coveredconditionals="1" methods="0" coveredmethods="0"/>
      <file name="axios.ts" path="D:\AOA_PRACTICE\AOA_Practice\p_frontend\src\api\axios.ts">
        <metrics statements="1" coveredstatements="1" conditionals="2" coveredconditionals="1" methods="0" coveredmethods="0"/>
        <line num="3" count="1" type="stmt"/>
      </file>
    </package>
    <package name="components.form.patient">
      <metrics statements="53" coveredstatements="37" conditionals="44" coveredconditionals="25" methods="23" coveredmethods="21"/>
      <file name="PatientDetails.tsx" path="D:\AOA_PRACTICE\AOA_Practice\p_frontend\src\components\form\patient\PatientDetails.tsx">
        <metrics statements="5" coveredstatements="5" conditionals="15" coveredconditionals="14" methods="3" coveredmethods="3"/>
        <line num="10" count="9" type="stmt"/>
        <line num="56" count="6" type="cond" truecount="3" falsecount="0"/>
        <line num="57" count="6" type="cond" truecount="1" falsecount="1"/>
        <line num="58" count="6" type="stmt"/>
        <line num="106" count="74" type="stmt"/>
      </file>
      <file name="PatientOnboardingForm.tsx" path="D:\AOA_PRACTICE\AOA_Practice\p_frontend\src\components\form\patient\PatientOnboardingForm.tsx">
        <metrics statements="48" coveredstatements="32" conditionals="29" coveredconditionals="11" methods="20" coveredmethods="18"/>
        <line num="46" count="33" type="stmt"/>
        <line num="47" count="33" type="stmt"/>
        <line num="49" count="33" type="stmt"/>
        <line num="68" count="33" type="stmt"/>
        <line num="71" count="33" type="cond" truecount="2" falsecount="0"/>
        <line num="72" count="33" type="cond" truecount="2" falsecount="0"/>
        <line num="75" count="33" type="stmt"/>
        <line num="76" count="33" type="stmt"/>
        <line num="77" count="33" type="stmt"/>
        <line num="80" count="33" type="stmt"/>
        <line num="83" count="33" type="stmt"/>
        <line num="86" count="0" type="stmt"/>
        <line num="87" count="0" type="stmt"/>
        <line num="89" count="0" type="stmt"/>
        <line num="92" count="0" type="stmt"/>
        <line num="93" count="0" type="stmt"/>
        <line num="105" count="0" type="stmt"/>
        <line num="108" count="0" type="stmt"/>
        <line num="110" count="0" type="stmt"/>
        <line num="113" count="0" type="stmt"/>
        <line num="123" count="0" type="stmt"/>
        <line num="124" count="0" type="stmt"/>
        <line num="126" count="0" type="stmt"/>
        <line num="128" count="0" type="cond" truecount="0" falsecount="3"/>
        <line num="133" count="0" type="stmt"/>
        <line num="135" count="0" type="stmt"/>
        <line num="139" count="33" type="stmt"/>
        <line num="151" count="37" type="stmt"/>
        <line num="171" count="37" type="stmt"/>
        <line num="189" count="37" type="stmt"/>
        <line num="220" count="37" type="stmt"/>
        <line num="238" count="37" type="stmt"/>
        <line num="259" count="37" type="stmt"/>
        <line num="288" count="0" type="cond" truecount="0" falsecount="2"/>
        <line num="306" count="37" type="stmt"/>
        <line num="341" count="37" type="stmt"/>
        <line num="361" count="37" type="stmt"/>
        <line num="367" count="2" type="stmt"/>
        <line num="368" count="2" type="stmt"/>
        <line num="369" count="2" type="stmt"/>
        <line num="385" count="111" type="stmt"/>
        <line num="406" count="37" type="stmt"/>
        <line num="411" count="1" type="stmt"/>
        <line num="412" count="1" type="stmt"/>
        <line num="427" count="16" type="stmt"/>
        <line num="444" count="37" type="stmt"/>
        <line num="462" count="12" type="stmt"/>
        <line num="479" count="37" type="stmt"/>
      </file>
    </package>
    <package name="components.form.product">
      <metrics statements="93" coveredstatements="40" conditionals="69" coveredconditionals="25" methods="33" coveredmethods="19"/>
      <file name="AddProductForm.tsx" path="D:\AOA_PRACTICE\AOA_Practice\p_frontend\src\components\form\product\AddProductForm.tsx">
        <metrics statements="91" coveredstatements="38" conditionals="63" coveredconditionals="21" methods="31" coveredmethods="17"/>
        <line num="66" count="23" type="stmt"/>
        <line num="70" count="23" type="stmt"/>
        <line num="74" count="23" type="stmt"/>
        <line num="79" count="23" type="stmt"/>
        <line num="82" count="23" type="stmt"/>
        <line num="97" count="23" type="stmt"/>
        <line num="98" count="7" type="cond" truecount="2" falsecount="2"/>
        <line num="102" count="0" type="stmt"/>
        <line num="103" count="0" type="stmt"/>
        <line num="104" count="0" type="cond" truecount="0" falsecount="2"/>
        <line num="109" count="0" type="stmt"/>
        <line num="111" count="0" type="stmt"/>
        <line num="115" count="0" type="stmt"/>
        <line num="118" count="0" type="stmt"/>
        <line num="121" count="0" type="stmt"/>
        <line num="140" count="23" type="stmt"/>
        <line num="141" count="23" type="stmt"/>
        <line num="143" count="23" type="stmt"/>
        <line num="144" count="7" type="cond" truecount="2" falsecount="2"/>
        <line num="145" count="7" type="stmt"/>
        <line num="146" count="7" type="stmt"/>
        <line num="149" count="0" type="stmt"/>
        <line num="154" count="0" type="stmt"/>
        <line num="156" count="0" type="cond" truecount="0" falsecount="4"/>
        <line num="157" count="0" type="stmt"/>
        <line num="159" count="0" type="stmt"/>
        <line num="163" count="0" type="stmt"/>
        <line num="164" count="0" type="stmt"/>
        <line num="169" count="23" type="stmt"/>
        <line num="170" count="7" type="stmt"/>
        <line num="173" count="7" type="stmt"/>
        <line num="175" count="7" type="cond" truecount="1" falsecount="1"/>
        <line num="176" count="0" type="stmt"/>
        <line num="178" count="0" type="stmt"/>
        <line num="182" count="23" type="stmt"/>
        <line num="183" count="7" type="cond" truecount="1" falsecount="1"/>
        <line num="184" count="7" type="stmt"/>
        <line num="185" count="7" type="stmt"/>
        <line num="186" count="7" type="stmt"/>
        <line num="189" count="0" type="stmt"/>
        <line num="194" count="0" type="stmt"/>
        <line num="196" count="0" type="cond" truecount="0" falsecount="2"/>
        <line num="197" count="0" type="stmt"/>
        <line num="199" count="0" type="stmt"/>
        <line num="202" count="0" type="stmt"/>
        <line num="206" count="23" type="stmt"/>
        <line num="208" count="0" type="stmt"/>
        <line num="211" count="0" type="stmt"/>
        <line num="216" count="0" type="stmt"/>
        <line num="218" count="0" type="stmt"/>
        <line num="219" count="0" type="stmt"/>
        <line num="220" count="0" type="stmt"/>
        <line num="221" count="0" type="stmt"/>
        <line num="224" count="0" type="stmt"/>
        <line num="225" count="0" type="stmt"/>
        <line num="227" count="0" type="stmt"/>
        <line num="228" count="0" type="stmt"/>
        <line num="229" count="0" type="stmt"/>
        <line num="234" count="0" type="cond" truecount="0" falsecount="2"/>
        <line num="235" count="0" type="stmt"/>
        <line num="238" count="0" type="cond" truecount="0" falsecount="2"/>
        <line num="239" count="0" type="stmt"/>
        <line num="243" count="0" type="stmt"/>
        <line num="244" count="0" type="cond" truecount="0" falsecount="2"/>
        <line num="245" count="0" type="stmt"/>
        <line num="249" count="0" type="stmt"/>
        <line num="250" count="0" type="cond" truecount="0" falsecount="2"/>
        <line num="251" count="0" type="stmt"/>
        <line num="254" count="0" type="cond" truecount="0" falsecount="4"/>
        <line num="255" count="0" type="stmt"/>
        <line num="257" count="0" type="stmt"/>
        <line num="258" count="0" type="stmt"/>
        <line num="261" count="0" type="stmt"/>
        <line num="265" count="23" type="stmt"/>
        <line num="271" count="23" type="stmt"/>
        <line num="280" count="23" type="stmt"/>
        <line num="283" count="23" type="stmt"/>
        <line num="285" count="23" type="stmt"/>
        <line num="295" count="25" type="stmt"/>
        <line num="312" count="11" type="stmt"/>
        <line num="329" count="25" type="stmt"/>
        <line num="356" count="0" type="stmt"/>
        <line num="379" count="0" type="stmt"/>
        <line num="403" count="25" type="stmt"/>
        <line num="417" count="25" type="stmt"/>
        <line num="440" count="2" type="cond" truecount="2" falsecount="0"/>
        <line num="443" count="25" type="stmt"/>
        <line num="467" count="0" type="stmt"/>
        <line num="482" count="25" type="stmt"/>
        <line num="516" count="25" type="stmt"/>
        <line num="554" count="25" type="stmt"/>
      </file>
      <file name="ProductDetails.tsx" path="D:\AOA_PRACTICE\AOA_Practice\p_frontend\src\components\form\product\ProductDetails.tsx">
        <metrics statements="2" coveredstatements="2" conditionals="6" coveredconditionals="4" methods="2" coveredmethods="2"/>
        <line num="28" count="5" type="stmt"/>
        <line num="131" count="24" type="stmt"/>
      </file>
    </package>
    <package name="components.ui">
      <metrics statements="123" coveredstatements="100" conditionals="40" coveredconditionals="21" methods="33" coveredmethods="21"/>
      <file name="button.tsx" path="D:\AOA_PRACTICE\AOA_Practice\p_frontend\src\components\ui\button.tsx">
        <metrics statements="5" coveredstatements="5" conditionals="3" coveredconditionals="2" methods="1" coveredmethods="1"/>
        <line num="9" count="2" type="stmt"/>
        <line num="45" count="2" type="stmt"/>
        <line num="47" count="150" type="cond" truecount="1" falsecount="1"/>
        <line num="48" count="150" type="stmt"/>
        <line num="57" count="2" type="stmt"/>
      </file>
      <file name="calendar.tsx" path="D:\AOA_PRACTICE\AOA_Practice\p_frontend\src\components\ui\calendar.tsx">
        <metrics statements="15" coveredstatements="0" conditionals="15" coveredconditionals="0" methods="7" coveredmethods="0"/>
        <line num="26" count="0" type="stmt"/>
        <line num="28" count="0" type="stmt"/>
        <line num="41" count="0" type="stmt"/>
        <line num="136" count="0" type="stmt"/>
        <line num="146" count="0" type="cond" truecount="0" falsecount="2"/>
        <line num="147" count="0" type="stmt"/>
        <line num="152" count="0" type="cond" truecount="0" falsecount="2"/>
        <line num="153" count="0" type="stmt"/>
        <line num="161" count="0" type="stmt"/>
        <line num="167" count="0" type="stmt"/>
        <line num="189" count="0" type="stmt"/>
        <line num="191" count="0" type="stmt"/>
        <line num="192" count="0" type="stmt"/>
        <line num="193" count="0" type="cond" truecount="0" falsecount="2"/>
        <line num="196" count="0" type="stmt"/>
      </file>
      <file name="form.tsx" path="D:\AOA_PRACTICE\AOA_Practice\p_frontend\src\components\ui\form.tsx">
        <metrics statements="39" coveredstatements="35" conditionals="14" coveredconditionals="11" methods="7" coveredmethods="6"/>
        <line num="16" count="2" type="stmt"/>
        <line num="25" count="2" type="stmt"/>
        <line num="27" count="2" type="stmt"/>
        <line num="33" count="580" type="stmt"/>
        <line num="40" count="2" type="stmt"/>
        <line num="41" count="1623" type="stmt"/>
        <line num="42" count="1623" type="stmt"/>
        <line num="43" count="1623" type="stmt"/>
        <line num="45" count="1623" type="cond" truecount="1" falsecount="1"/>
        <line num="46" count="0" type="stmt"/>
        <line num="49" count="1623" type="cond" truecount="1" falsecount="1"/>
        <line num="50" count="0" type="stmt"/>
        <line num="53" count="1623" type="stmt"/>
        <line num="55" count="1623" type="stmt"/>
        <line num="57" count="1623" type="stmt"/>
        <line num="71" count="2" type="stmt"/>
        <line num="73" count="2" type="stmt"/>
        <line num="77" count="584" type="stmt"/>
        <line num="79" count="584" type="stmt"/>
        <line num="85" count="2" type="stmt"/>
        <line num="87" count="2" type="stmt"/>
        <line num="91" count="584" type="stmt"/>
        <line num="93" count="584" type="stmt"/>
        <line num="102" count="2" type="stmt"/>
        <line num="104" count="2" type="stmt"/>
        <line num="108" count="559" type="stmt"/>
        <line num="110" count="559" type="stmt"/>
        <line num="124" count="2" type="stmt"/>
        <line num="126" count="2" type="stmt"/>
        <line num="130" count="0" type="stmt"/>
        <line num="132" count="0" type="stmt"/>
        <line num="141" count="2" type="stmt"/>
        <line num="143" count="2" type="stmt"/>
        <line num="147" count="480" type="stmt"/>
        <line num="148" count="480" type="cond" truecount="3" falsecount="1"/>
        <line num="150" count="480" type="cond" truecount="2" falsecount="0"/>
        <line num="151" count="445" type="stmt"/>
        <line num="154" count="35" type="stmt"/>
        <line num="165" count="2" type="stmt"/>
      </file>
      <file name="input.tsx" path="D:\AOA_PRACTICE\AOA_Practice\p_frontend\src\components\ui\input.tsx">
        <metrics statements="3" coveredstatements="3" conditionals="0" coveredconditionals="0" methods="1" coveredmethods="1"/>
        <line num="5" count="2" type="stmt"/>
        <line num="7" count="254" type="stmt"/>
        <line num="20" count="2" type="stmt"/>
      </file>
      <file name="label.tsx" path="D:\AOA_PRACTICE\AOA_Practice\p_frontend\src\components\ui\label.tsx">
        <metrics statements="4" coveredstatements="4" conditionals="0" coveredconditionals="0" methods="1" coveredmethods="1"/>
        <line num="7" count="2" type="stmt"/>
        <line num="11" count="2" type="stmt"/>
        <line num="16" count="584" type="stmt"/>
        <line num="22" count="2" type="stmt"/>
      </file>
      <file name="popover.tsx" path="D:\AOA_PRACTICE\AOA_Practice\p_frontend\src\components\ui\popover.tsx">
        <metrics statements="6" coveredstatements="6" conditionals="2" coveredconditionals="2" methods="1" coveredmethods="1"/>
        <line num="8" count="2" type="stmt"/>
        <line num="10" count="2" type="stmt"/>
        <line num="12" count="2" type="stmt"/>
        <line num="14" count="2" type="stmt"/>
        <line num="18" count="81" type="stmt"/>
        <line num="31" count="2" type="stmt"/>
      </file>
      <file name="select.tsx" path="D:\AOA_PRACTICE\AOA_Practice\p_frontend\src\components\ui\select.tsx">
        <metrics statements="24" coveredstatements="22" conditionals="5" coveredconditionals="5" methods="7" coveredmethods="5"/>
        <line num="7" count="2" type="stmt"/>
        <line num="9" count="2" type="stmt"/>
        <line num="11" count="2" type="stmt"/>
        <line num="13" count="2" type="stmt"/>
        <line num="17" count="201" type="stmt"/>
        <line num="31" count="2" type="stmt"/>
        <line num="33" count="2" type="stmt"/>
        <line num="37" count="162" type="stmt"/>
        <line num="48" count="2" type="stmt"/>
        <line num="50" count="2" type="stmt"/>
        <line num="54" count="162" type="stmt"/>
        <line num="65" count="2" type="stmt"/>
        <line num="68" count="2" type="stmt"/>
        <line num="72" count="201" type="stmt"/>
        <line num="98" count="2" type="stmt"/>
        <line num="100" count="2" type="stmt"/>
        <line num="104" count="0" type="stmt"/>
        <line num="110" count="2" type="stmt"/>
        <line num="112" count="2" type="stmt"/>
        <line num="116" count="258" type="stmt"/>
        <line num="132" count="2" type="stmt"/>
        <line num="134" count="2" type="stmt"/>
        <line num="138" count="0" type="stmt"/>
        <line num="144" count="2" type="stmt"/>
      </file>
      <file name="sheet.tsx" path="D:\AOA_PRACTICE\AOA_Practice\p_frontend\src\components\ui\sheet.tsx">
        <metrics statements="23" coveredstatements="21" conditionals="1" coveredconditionals="1" methods="6" coveredmethods="4"/>
        <line num="10" count="2" type="stmt"/>
        <line num="12" count="2" type="stmt"/>
        <line num="14" count="2" type="stmt"/>
        <line num="16" count="2" type="stmt"/>
        <line num="18" count="2" type="stmt"/>
        <line num="22" count="14" type="stmt"/>
        <line num="31" count="2" type="stmt"/>
        <line num="33" count="2" type="stmt"/>
        <line num="56" count="2" type="stmt"/>
        <line num="60" count="44" type="stmt"/>
        <line num="75" count="2" type="stmt"/>
        <line num="77" count="2" type="stmt"/>
        <line num="81" count="4" type="stmt"/>
        <line num="89" count="2" type="stmt"/>
        <line num="91" count="2" type="stmt"/>
        <line num="95" count="0" type="stmt"/>
        <line num="103" count="2" type="stmt"/>
        <line num="105" count="2" type="stmt"/>
        <line num="109" count="4" type="stmt"/>
        <line num="115" count="2" type="stmt"/>
        <line num="117" count="2" type="stmt"/>
        <line num="121" count="0" type="stmt"/>
        <line num="127" count="2" type="stmt"/>
      </file>
      <file name="skeleton.tsx" path="D:\AOA_PRACTICE\AOA_Practice\p_frontend\src\components\ui\skeleton.tsx">
        <metrics statements="1" coveredstatements="1" conditionals="0" coveredconditionals="0" methods="1" coveredmethods="1"/>
        <line num="7" count="180" type="stmt"/>
      </file>
      <file name="textarea.tsx" path="D:\AOA_PRACTICE\AOA_Practice\p_frontend\src\components\ui\textarea.tsx">
        <metrics statements="3" coveredstatements="3" conditionals="0" coveredconditionals="0" methods="1" coveredmethods="1"/>
        <line num="5" count="1" type="stmt"/>
        <line num="9" count="23" type="stmt"/>
        <line num="20" count="1" type="stmt"/>
      </file>
    </package>
    <package name="lib">
      <metrics statements="1" coveredstatements="1" conditionals="0" coveredconditionals="0" methods="1" coveredmethods="1"/>
      <file name="utils.ts" path="D:\AOA_PRACTICE\AOA_Practice\p_frontend\src\lib\utils.ts">
        <metrics statements="1" coveredstatements="1" conditionals="0" coveredconditionals="0" methods="1" coveredmethods="1"/>
        <line num="5" count="3813" type="stmt"/>
      </file>
    </package>
    <package name="pages">
      <metrics statements="105" coveredstatements="95" conditionals="72" coveredconditionals="60" methods="30" coveredmethods="27"/>
      <file name="DefaultSkeleton.tsx" path="D:\AOA_PRACTICE\AOA_Practice\p_frontend\src\pages\DefaultSkeleton.tsx">
        <metrics statements="1" coveredstatements="1" conditionals="0" coveredconditionals="0" methods="1" coveredmethods="1"/>
        <line num="4" count="60" type="stmt"/>
      </file>
      <file name="Login.tsx" path="D:\AOA_PRACTICE\AOA_Practice\p_frontend\src\pages\Login.tsx">
        <metrics statements="63" coveredstatements="56" conditionals="58" coveredconditionals="48" methods="11" coveredmethods="11"/>
        <line num="7" count="1" type="stmt"/>
        <line num="8" count="48" type="stmt"/>
        <line num="9" count="48" type="stmt"/>
        <line num="10" count="48" type="stmt"/>
        <line num="11" count="48" type="stmt"/>
        <line num="13" count="48" type="stmt"/>
        <line num="14" count="48" type="stmt"/>
        <line num="15" count="48" type="stmt"/>
        <line num="17" count="48" type="stmt"/>
        <line num="19" count="48" type="cond" truecount="4" falsecount="0"/>
        <line num="24" count="48" type="stmt"/>
        <line num="25" count="4" type="stmt"/>
        <line num="26" count="4" type="stmt"/>
        <line num="28" count="4" type="stmt"/>
        <line num="29" count="4" type="cond" truecount="1" falsecount="1"/>
        <line num="35" count="4" type="stmt"/>
        <line num="37" count="4" type="cond" truecount="2" falsecount="0"/>
        <line num="39" count="3" type="cond" truecount="4" falsecount="0"/>
        <line num="40" count="1" type="stmt"/>
        <line num="43" count="2" type="stmt"/>
        <line num="44" count="2" type="stmt"/>
        <line num="45" count="2" type="stmt"/>
        <line num="47" count="2" type="stmt"/>
        <line num="49" count="2" type="cond" truecount="1" falsecount="1"/>
        <line num="50" count="2" type="stmt"/>
        <line num="53" count="2" type="stmt"/>
        <line num="55" count="2" type="cond" truecount="1" falsecount="1"/>
        <line num="60" count="48" type="stmt"/>
        <line num="61" count="3" type="stmt"/>
        <line num="62" count="3" type="stmt"/>
        <line num="64" count="3" type="cond" truecount="1" falsecount="1"/>
        <line num="70" count="3" type="stmt"/>
        <line num="73" count="3" type="cond" truecount="1" falsecount="1"/>
        <line num="74" count="3" type="stmt"/>
        <line num="75" count="3" type="stmt"/>
        <line num="77" count="0" type="stmt"/>
        <line num="82" count="48" type="stmt"/>
        <line num="83" count="1" type="cond" truecount="1" falsecount="1"/>
        <line num="85" count="1" type="stmt"/>
        <line num="86" count="1" type="cond" truecount="1" falsecount="1"/>
        <line num="87" count="0" type="stmt"/>
        <line num="88" count="0" type="stmt"/>
        <line num="91" count="1" type="cond" truecount="1" falsecount="1"/>
        <line num="92" count="0" type="stmt"/>
        <line num="93" count="0" type="stmt"/>
        <line num="96" count="1" type="cond" truecount="1" falsecount="1"/>
        <line num="105" count="1" type="stmt"/>
        <line num="107" count="1" type="cond" truecount="1" falsecount="1"/>
        <line num="108" count="0" type="stmt"/>
        <line num="109" count="0" type="stmt"/>
        <line num="112" count="1" type="stmt"/>
        <line num="113" count="1" type="stmt"/>
        <line num="114" count="1" type="stmt"/>
        <line num="115" count="1" type="stmt"/>
        <line num="116" count="1" type="stmt"/>
        <line num="119" count="48" type="stmt"/>
        <line num="156" count="5" type="stmt"/>
        <line num="165" count="5" type="stmt"/>
        <line num="177" count="5" type="stmt"/>
        <line num="193" count="3" type="stmt"/>
        <line num="205" count="1" type="stmt"/>
        <line num="221" count="2" type="stmt"/>
        <line num="230" count="2" type="stmt"/>
      </file>
      <file name="Navbar.tsx" path="D:\AOA_PRACTICE\AOA_Practice\p_frontend\src\pages\Navbar.tsx">
        <metrics statements="15" coveredstatements="15" conditionals="6" coveredconditionals="5" methods="7" coveredmethods="7"/>
        <line num="7" count="14" type="stmt"/>
        <line num="8" count="14" type="stmt"/>
        <line num="9" count="14" type="stmt"/>
        <line num="11" count="14" type="stmt"/>
        <line num="12" count="1" type="stmt"/>
        <line num="13" count="1" type="stmt"/>
        <line num="16" count="14" type="stmt"/>
        <line num="17" count="7" type="stmt"/>
        <line num="18" count="1" type="cond" truecount="1" falsecount="1"/>
        <line num="22" count="1" type="stmt"/>
        <line num="26" count="7" type="stmt"/>
        <line num="27" count="7" type="stmt"/>
        <line num="28" count="7" type="stmt"/>
        <line num="32" count="14" type="stmt"/>
        <line num="42" count="6" type="stmt"/>
      </file>
      <file name="Patients.tsx" path="D:\AOA_PRACTICE\AOA_Practice\p_frontend\src\pages\Patients.tsx">
        <metrics statements="26" coveredstatements="23" conditionals="8" coveredconditionals="7" methods="11" coveredmethods="8"/>
        <line num="14" count="1" type="stmt"/>
        <line num="26" count="14" type="stmt"/>
        <line num="27" count="14" type="stmt"/>
        <line num="29" count="14" type="stmt"/>
        <line num="30" count="14" type="stmt"/>
        <line num="32" count="14" type="stmt"/>
        <line num="33" count="14" type="stmt"/>
        <line num="35" count="14" type="stmt"/>
        <line num="37" count="14" type="stmt"/>
        <line num="38" count="5" type="stmt"/>
        <line num="42" count="5" type="stmt"/>
        <line num="43" count="5" type="stmt"/>
        <line num="44" count="5" type="stmt"/>
        <line num="45" count="5" type="stmt"/>
        <line num="46" count="3" type="stmt"/>
        <line num="53" count="5" type="stmt"/>
        <line num="58" count="0" type="stmt"/>
        <line num="59" count="0" type="stmt"/>
        <line num="63" count="1" type="stmt"/>
        <line num="64" count="1" type="stmt"/>
        <line num="68" count="1" type="stmt"/>
        <line num="69" count="1" type="stmt"/>
        <line num="72" count="14" type="stmt"/>
        <line num="79" count="1" type="stmt"/>
        <line num="88" count="70" type="stmt"/>
        <line num="147" count="0" type="stmt"/>
      </file>
    </package>
    <package name="test">
      <metrics statements="19" coveredstatements="13" conditionals="4" coveredconditionals="4" methods="17" coveredmethods="5"/>
      <file name="testUtils.js" path="D:\AOA_PRACTICE\AOA_Practice\p_frontend\src\test\testUtils.js">
        <metrics statements="19" coveredstatements="13" conditionals="4" coveredconditionals="4" methods="17" coveredmethods="5"/>
        <line num="1" count="3" type="stmt"/>
        <line num="2" count="3" type="stmt"/>
        <line num="7" count="5" type="stmt"/>
        <line num="8" count="5" type="stmt"/>
        <line num="12" count="3" type="stmt"/>
        <line num="69" count="3" type="stmt"/>
        <line num="70" count="0" type="stmt"/>
        <line num="71" count="0" type="stmt"/>
        <line num="76" count="3" type="stmt"/>
        <line num="77" count="0" type="stmt"/>
        <line num="78" count="0" type="stmt"/>
        <line num="83" count="3" type="stmt"/>
        <line num="84" count="0" type="stmt"/>
        <line num="85" count="0" type="stmt"/>
        <line num="91" count="8" type="stmt"/>
        <line num="92" count="8" type="stmt"/>
        <line num="95" count="8" type="stmt"/>
        <line num="102" count="18" type="stmt"/>
        <line num="103" count="18" type="stmt"/>
      </file>
    </package>
  </project>
</coverage>
