{"D:\\AOA_PRACTICE\\AOA_Practice\\p_frontend\\src\\api\\axios.ts": {"path":"D:\\AOA_PRACTICE\\AOA_Practice\\p_frontend\\src\\api\\axios.ts","statementMap":{"0":{"start":{"line":3,"column":12},"end":{"line":9,"column":null}}},"fnMap":{},"branchMap":{"0":{"loc":{"start":{"line":4,"column":11},"end":{"line":4,"column":null}},"type":"binary-expr","locations":[{"start":{"line":4,"column":11},"end":{"line":4,"column":43}},{"start":{"line":4,"column":43},"end":{"line":4,"column":null}}],"line":4}},"s":{"0":1},"f":{},"b":{"0":[1,0]},"meta":{"lastBranch":1,"lastFunction":0,"lastStatement":1,"seen":{"s:3:12:9:Infinity":0,"b:4:11:4:43:4:43:4:Infinity":0}}}
,"D:\\AOA_PRACTICE\\AOA_Practice\\p_frontend\\src\\components\\form\\patient\\PatientDetails.tsx": {"path":"D:\\AOA_PRACTICE\\AOA_Practice\\p_frontend\\src\\components\\form\\patient\\PatientDetails.tsx","statementMap":{"0":{"start":{"line":10,"column":2},"end":{"line":93,"column":null}},"1":{"start":{"line":56,"column":30},"end":{"line":56,"column":null}},"2":{"start":{"line":57,"column":14},"end":{"line":57,"column":null}},"3":{"start":{"line":57,"column":28},"end":{"line":57,"column":null}},"4":{"start":{"line":58,"column":14},"end":{"line":87,"column":null}},"5":{"start":{"line":106,"column":2},"end":{"line":119,"column":null}}},"fnMap":{"0":{"name":"PatientDetails","decl":{"start":{"line":9,"column":16},"end":{"line":9,"column":31}},"loc":{"start":{"line":9,"column":51},"end":{"line":95,"column":null}},"line":9},"1":{"name":"(anonymous_1)","decl":{"start":{"line":55,"column":14},"end":{"line":55,"column":20}},"loc":{"start":{"line":55,"column":20},"end":{"line":89,"column":15}},"line":55},"2":{"name":"DetailCard","decl":{"start":{"line":97,"column":9},"end":{"line":97,"column":20}},"loc":{"start":{"line":105,"column":3},"end":{"line":121,"column":null}},"line":105}},"branchMap":{"0":{"loc":{"start":{"line":42,"column":19},"end":{"line":42,"column":null}},"type":"cond-expr","locations":[{"start":{"line":42,"column":27},"end":{"line":42,"column":70}},{"start":{"line":42,"column":70},"end":{"line":42,"column":null}}],"line":42},"1":{"loc":{"start":{"line":45,"column":6},"end":{"line":91,"column":null}},"type":"binary-expr","locations":[{"start":{"line":48,"column":8},"end":{"line":48,"column":28}},{"start":{"line":48,"column":28},"end":{"line":48,"column":49}},{"start":{"line":48,"column":49},"end":{"line":48,"column":null}},{"start":{"line":49,"column":8},"end":{"line":91,"column":null}}],"line":45},"2":{"loc":{"start":{"line":56,"column":30},"end":{"line":56,"column":null}},"type":"binary-expr","locations":[{"start":{"line":56,"column":30},"end":{"line":56,"column":50}},{"start":{"line":56,"column":50},"end":{"line":56,"column":71}},{"start":{"line":56,"column":71},"end":{"line":56,"column":null}}],"line":56},"3":{"loc":{"start":{"line":57,"column":14},"end":{"line":57,"column":null}},"type":"if","locations":[{"start":{"line":57,"column":14},"end":{"line":57,"column":null}},{"start":{},"end":{}}],"line":57},"4":{"loc":{"start":{"line":60,"column":19},"end":{"line":65,"column":null}},"type":"binary-expr","locations":[{"start":{"line":60,"column":19},"end":{"line":60,"column":null}},{"start":{"line":61,"column":20},"end":{"line":65,"column":null}}],"line":60},"5":{"loc":{"start":{"line":115,"column":13},"end":{"line":115,"column":null}},"type":"binary-expr","locations":[{"start":{"line":115,"column":13},"end":{"line":115,"column":22}},{"start":{"line":115,"column":22},"end":{"line":115,"column":null}}],"line":115}},"s":{"0":9,"1":6,"2":6,"3":0,"4":6,"5":74},"f":{"0":9,"1":6,"2":74},"b":{"0":[6,3],"1":[9,4,1,6],"2":[6,1,1],"3":[0,6],"4":[6,5],"5":[74,3]},"meta":{"lastBranch":6,"lastFunction":3,"lastStatement":6,"seen":{"f:9:16:9:31":0,"s:10:2:93:Infinity":0,"b:42:27:42:70:42:70:42:Infinity":0,"b:48:8:48:28:48:28:48:49:48:49:48:Infinity:49:8:91:Infinity":1,"f:55:14:55:20":1,"s:56:30:56:Infinity":1,"b:56:30:56:50:56:50:56:71:56:71:56:Infinity":2,"b:57:14:57:Infinity:undefined:undefined:undefined:undefined":3,"s:57:14:57:Infinity":2,"s:57:28:57:Infinity":3,"s:58:14:87:Infinity":4,"b:60:19:60:Infinity:61:20:65:Infinity":4,"f:97:9:97:20":2,"s:106:2:119:Infinity":5,"b:115:13:115:22:115:22:115:Infinity":5}}}
,"D:\\AOA_PRACTICE\\AOA_Practice\\p_frontend\\src\\components\\form\\patient\\PatientOnboardingForm.tsx": {"path":"D:\\AOA_PRACTICE\\AOA_Practice\\p_frontend\\src\\components\\form\\patient\\PatientOnboardingForm.tsx","statementMap":{"0":{"start":{"line":46,"column":38},"end":{"line":46,"column":null}},"1":{"start":{"line":47,"column":24},"end":{"line":47,"column":null}},"2":{"start":{"line":49,"column":8},"end":{"line":66,"column":null}},"3":{"start":{"line":68,"column":43},"end":{"line":68,"column":null}},"4":{"start":{"line":71,"column":18},"end":{"line":71,"column":null}},"5":{"start":{"line":72,"column":16},"end":{"line":72,"column":null}},"6":{"start":{"line":75,"column":8},"end":{"line":75,"column":null}},"7":{"start":{"line":76,"column":8},"end":{"line":76,"column":null}},"8":{"start":{"line":77,"column":8},"end":{"line":77,"column":null}},"9":{"start":{"line":80,"column":4},"end":{"line":80,"column":null}},"10":{"start":{"line":83,"column":4},"end":{"line":83,"column":null}},"11":{"start":{"line":86,"column":4},"end":{"line":86,"column":null}},"12":{"start":{"line":87,"column":4},"end":{"line":87,"column":null}},"13":{"start":{"line":89,"column":4},"end":{"line":136,"column":null}},"14":{"start":{"line":92,"column":62},"end":{"line":92,"column":null}},"15":{"start":{"line":93,"column":48},"end":{"line":103,"column":null}},"16":{"start":{"line":105,"column":6},"end":{"line":105,"column":null}},"17":{"start":{"line":108,"column":27},"end":{"line":108,"column":null}},"18":{"start":{"line":110,"column":6},"end":{"line":110,"column":null}},"19":{"start":{"line":113,"column":30},"end":{"line":120,"column":null}},"20":{"start":{"line":123,"column":6},"end":{"line":123,"column":null}},"21":{"start":{"line":124,"column":6},"end":{"line":124,"column":null}},"22":{"start":{"line":126,"column":6},"end":{"line":126,"column":null}},"23":{"start":{"line":128,"column":8},"end":{"line":132,"column":null}},"24":{"start":{"line":133,"column":6},"end":{"line":133,"column":null}},"25":{"start":{"line":135,"column":6},"end":{"line":135,"column":null}},"26":{"start":{"line":139,"column":2},"end":{"line":514,"column":null}},"27":{"start":{"line":151,"column":14},"end":{"line":163,"column":null}},"28":{"start":{"line":171,"column":14},"end":{"line":180,"column":null}},"29":{"start":{"line":189,"column":14},"end":{"line":201,"column":null}},"30":{"start":{"line":220,"column":14},"end":{"line":230,"column":null}},"31":{"start":{"line":238,"column":14},"end":{"line":250,"column":null}},"32":{"start":{"line":259,"column":16},"end":{"line":294,"column":null}},"33":{"start":{"line":288,"column":26},"end":{"line":288,"column":null}},"34":{"start":{"line":306,"column":14},"end":{"line":324,"column":null}},"35":{"start":{"line":341,"column":16},"end":{"line":351,"column":null}},"36":{"start":{"line":361,"column":16},"end":{"line":393,"column":null}},"37":{"start":{"line":367,"column":22},"end":{"line":367,"column":null}},"38":{"start":{"line":368,"column":22},"end":{"line":368,"column":null}},"39":{"start":{"line":369,"column":22},"end":{"line":369,"column":null}},"40":{"start":{"line":385,"column":24},"end":{"line":387,"column":null}},"41":{"start":{"line":406,"column":16},"end":{"line":434,"column":null}},"42":{"start":{"line":411,"column":22},"end":{"line":411,"column":null}},"43":{"start":{"line":412,"column":22},"end":{"line":412,"column":null}},"44":{"start":{"line":427,"column":24},"end":{"line":429,"column":null}},"45":{"start":{"line":444,"column":16},"end":{"line":469,"column":null}},"46":{"start":{"line":462,"column":24},"end":{"line":464,"column":null}},"47":{"start":{"line":479,"column":16},"end":{"line":489,"column":null}}},"fnMap":{"0":{"name":"PatientOnboardingForm","decl":{"start":{"line":45,"column":24},"end":{"line":45,"column":46}},"loc":{"start":{"line":45,"column":67},"end":{"line":516,"column":null}},"line":45},"1":{"name":"onSubmit","decl":{"start":{"line":85,"column":17},"end":{"line":85,"column":26}},"loc":{"start":{"line":85,"column":43},"end":{"line":137,"column":null}},"line":85},"2":{"name":"(anonymous_2)","decl":{"start":{"line":150,"column":20},"end":{"line":150,"column":21}},"loc":{"start":{"line":151,"column":14},"end":{"line":163,"column":null}},"line":151},"3":{"name":"(anonymous_3)","decl":{"start":{"line":170,"column":20},"end":{"line":170,"column":21}},"loc":{"start":{"line":171,"column":14},"end":{"line":180,"column":null}},"line":171},"4":{"name":"(anonymous_4)","decl":{"start":{"line":188,"column":20},"end":{"line":188,"column":21}},"loc":{"start":{"line":189,"column":14},"end":{"line":201,"column":null}},"line":189},"5":{"name":"(anonymous_5)","decl":{"start":{"line":219,"column":20},"end":{"line":219,"column":21}},"loc":{"start":{"line":220,"column":14},"end":{"line":230,"column":null}},"line":220},"6":{"name":"(anonymous_6)","decl":{"start":{"line":237,"column":20},"end":{"line":237,"column":21}},"loc":{"start":{"line":238,"column":14},"end":{"line":250,"column":null}},"line":238},"7":{"name":"(anonymous_7)","decl":{"start":{"line":258,"column":22},"end":{"line":258,"column":23}},"loc":{"start":{"line":259,"column":16},"end":{"line":294,"column":null}},"line":259},"8":{"name":"(anonymous_8)","decl":{"start":{"line":287,"column":34},"end":{"line":287,"column":35}},"loc":{"start":{"line":288,"column":26},"end":{"line":288,"column":null}},"line":288},"9":{"name":"(anonymous_9)","decl":{"start":{"line":305,"column":20},"end":{"line":305,"column":21}},"loc":{"start":{"line":306,"column":14},"end":{"line":324,"column":null}},"line":306},"10":{"name":"(anonymous_10)","decl":{"start":{"line":340,"column":22},"end":{"line":340,"column":23}},"loc":{"start":{"line":341,"column":16},"end":{"line":351,"column":null}},"line":341},"11":{"name":"(anonymous_11)","decl":{"start":{"line":360,"column":22},"end":{"line":360,"column":23}},"loc":{"start":{"line":361,"column":16},"end":{"line":393,"column":null}},"line":361},"12":{"name":"(anonymous_12)","decl":{"start":{"line":366,"column":35},"end":{"line":366,"column":36}},"loc":{"start":{"line":366,"column":46},"end":{"line":370,"column":null}},"line":366},"13":{"name":"(anonymous_13)","decl":{"start":{"line":384,"column":37},"end":{"line":384,"column":38}},"loc":{"start":{"line":385,"column":24},"end":{"line":387,"column":null}},"line":385},"14":{"name":"(anonymous_14)","decl":{"start":{"line":405,"column":22},"end":{"line":405,"column":23}},"loc":{"start":{"line":406,"column":16},"end":{"line":434,"column":null}},"line":406},"15":{"name":"(anonymous_15)","decl":{"start":{"line":410,"column":35},"end":{"line":410,"column":36}},"loc":{"start":{"line":410,"column":46},"end":{"line":413,"column":null}},"line":410},"16":{"name":"(anonymous_16)","decl":{"start":{"line":426,"column":34},"end":{"line":426,"column":35}},"loc":{"start":{"line":427,"column":24},"end":{"line":429,"column":null}},"line":427},"17":{"name":"(anonymous_17)","decl":{"start":{"line":443,"column":22},"end":{"line":443,"column":23}},"loc":{"start":{"line":444,"column":16},"end":{"line":469,"column":null}},"line":444},"18":{"name":"(anonymous_18)","decl":{"start":{"line":461,"column":34},"end":{"line":461,"column":35}},"loc":{"start":{"line":462,"column":24},"end":{"line":464,"column":null}},"line":462},"19":{"name":"(anonymous_19)","decl":{"start":{"line":478,"column":22},"end":{"line":478,"column":23}},"loc":{"start":{"line":479,"column":16},"end":{"line":489,"column":null}},"line":479}},"branchMap":{"0":{"loc":{"start":{"line":71,"column":18},"end":{"line":71,"column":null}},"type":"binary-expr","locations":[{"start":{"line":71,"column":18},"end":{"line":71,"column":51}},{"start":{"line":71,"column":51},"end":{"line":71,"column":null}}],"line":71},"1":{"loc":{"start":{"line":72,"column":16},"end":{"line":72,"column":null}},"type":"binary-expr","locations":[{"start":{"line":72,"column":16},"end":{"line":72,"column":47}},{"start":{"line":72,"column":47},"end":{"line":72,"column":null}}],"line":72},"2":{"loc":{"start":{"line":95,"column":13},"end":{"line":95,"column":null}},"type":"cond-expr","locations":[{"start":{"line":95,"column":19},"end":{"line":95,"column":53}},{"start":{"line":95,"column":53},"end":{"line":95,"column":null}}],"line":95},"3":{"loc":{"start":{"line":96,"column":17},"end":{"line":102,"column":null}},"type":"binary-expr","locations":[{"start":{"line":96,"column":17},"end":{"line":96,"column":35}},{"start":{"line":96,"column":35},"end":{"line":102,"column":null}}],"line":96},"4":{"loc":{"start":{"line":115,"column":13},"end":{"line":115,"column":null}},"type":"cond-expr","locations":[{"start":{"line":115,"column":32},"end":{"line":115,"column":61}},{"start":{"line":115,"column":61},"end":{"line":115,"column":null}}],"line":115},"5":{"loc":{"start":{"line":117,"column":10},"end":{"line":119,"column":null}},"type":"cond-expr","locations":[{"start":{"line":118,"column":14},"end":{"line":118,"column":null}},{"start":{"line":119,"column":14},"end":{"line":119,"column":null}}],"line":117},"6":{"loc":{"start":{"line":117,"column":10},"end":{"line":117,"column":null}},"type":"binary-expr","locations":[{"start":{"line":117,"column":10},"end":{"line":117,"column":36}},{"start":{"line":117,"column":36},"end":{"line":117,"column":null}}],"line":117},"7":{"loc":{"start":{"line":128,"column":8},"end":{"line":132,"column":null}},"type":"binary-expr","locations":[{"start":{"line":128,"column":8},"end":{"line":128,"column":null}},{"start":{"line":129,"column":9},"end":{"line":131,"column":null}},{"start":{"line":132,"column":8},"end":{"line":132,"column":null}}],"line":128},"8":{"loc":{"start":{"line":270,"column":28},"end":{"line":270,"column":null}},"type":"binary-expr","locations":[{"start":{"line":270,"column":28},"end":{"line":270,"column":44}},{"start":{"line":270,"column":44},"end":{"line":270,"column":null}}],"line":270},"9":{"loc":{"start":{"line":274,"column":27},"end":{"line":276,"column":null}},"type":"cond-expr","locations":[{"start":{"line":274,"column":33},"end":{"line":275,"column":null}},{"start":{"line":276,"column":30},"end":{"line":276,"column":null}}],"line":274},"10":{"loc":{"start":{"line":283,"column":34},"end":{"line":283,"column":null}},"type":"binary-expr","locations":[{"start":{"line":283,"column":34},"end":{"line":283,"column":49}},{"start":{"line":283,"column":49},"end":{"line":283,"column":null}}],"line":283},"11":{"loc":{"start":{"line":288,"column":26},"end":{"line":288,"column":null}},"type":"binary-expr","locations":[{"start":{"line":288,"column":26},"end":{"line":288,"column":47}},{"start":{"line":288,"column":47},"end":{"line":288,"column":null}}],"line":288},"12":{"loc":{"start":{"line":496,"column":9},"end":{"line":499,"column":null}},"type":"binary-expr","locations":[{"start":{"line":496,"column":9},"end":{"line":496,"column":null}},{"start":{"line":497,"column":10},"end":{"line":499,"column":null}}],"line":496},"13":{"loc":{"start":{"line":510,"column":13},"end":{"line":510,"column":null}},"type":"cond-expr","locations":[{"start":{"line":510,"column":28},"end":{"line":510,"column":44}},{"start":{"line":510,"column":44},"end":{"line":510,"column":null}}],"line":510}},"s":{"0":33,"1":33,"2":33,"3":33,"4":33,"5":33,"6":33,"7":33,"8":33,"9":33,"10":33,"11":0,"12":0,"13":0,"14":0,"15":0,"16":0,"17":0,"18":0,"19":0,"20":0,"21":0,"22":0,"23":0,"24":0,"25":0,"26":33,"27":37,"28":37,"29":37,"30":37,"31":37,"32":37,"33":0,"34":37,"35":37,"36":37,"37":2,"38":2,"39":2,"40":111,"41":37,"42":1,"43":1,"44":16,"45":37,"46":12,"47":37},"f":{"0":33,"1":0,"2":37,"3":37,"4":37,"5":37,"6":37,"7":37,"8":0,"9":37,"10":37,"11":37,"12":2,"13":111,"14":37,"15":1,"16":16,"17":37,"18":12,"19":37},"b":{"0":[33,26],"1":[33,28],"2":[0,0],"3":[0,0],"4":[0,0],"5":[0,0],"6":[0,0],"7":[0,0,0],"8":[37,37],"9":[0,37],"10":[37,37],"11":[0,0],"12":[33,0],"13":[0,33]},"meta":{"lastBranch":14,"lastFunction":20,"lastStatement":48,"seen":{"f:45:24:45:46":0,"s:46:38:46:Infinity":0,"s:47:24:47:Infinity":1,"s:49:8:66:Infinity":2,"s:68:43:68:Infinity":3,"s:71:18:71:Infinity":4,"b:71:18:71:51:71:51:71:Infinity":0,"s:72:16:72:Infinity":5,"b:72:16:72:47:72:47:72:Infinity":1,"s:75:8:75:Infinity":6,"s:76:8:76:Infinity":7,"s:77:8:77:Infinity":8,"s:80:4:80:Infinity":9,"s:83:4:83:Infinity":10,"f:85:17:85:26":1,"s:86:4:86:Infinity":11,"s:87:4:87:Infinity":12,"s:89:4:136:Infinity":13,"s:92:62:92:Infinity":14,"s:93:48:103:Infinity":15,"b:95:19:95:53:95:53:95:Infinity":2,"b:96:17:96:35:96:35:102:Infinity":3,"s:105:6:105:Infinity":16,"s:108:27:108:Infinity":17,"s:110:6:110:Infinity":18,"s:113:30:120:Infinity":19,"b:115:32:115:61:115:61:115:Infinity":4,"b:118:14:118:Infinity:119:14:119:Infinity":5,"b:117:10:117:36:117:36:117:Infinity":6,"s:123:6:123:Infinity":20,"s:124:6:124:Infinity":21,"s:126:6:126:Infinity":22,"s:128:8:132:Infinity":23,"b:128:8:128:Infinity:129:9:131:Infinity:132:8:132:Infinity":7,"s:133:6:133:Infinity":24,"s:135:6:135:Infinity":25,"s:139:2:514:Infinity":26,"f:150:20:150:21":2,"s:151:14:163:Infinity":27,"f:170:20:170:21":3,"s:171:14:180:Infinity":28,"f:188:20:188:21":4,"s:189:14:201:Infinity":29,"f:219:20:219:21":5,"s:220:14:230:Infinity":30,"f:237:20:237:21":6,"s:238:14:250:Infinity":31,"f:258:22:258:23":7,"s:259:16:294:Infinity":32,"b:270:28:270:44:270:44:270:Infinity":8,"b:274:33:275:Infinity:276:30:276:Infinity":9,"b:283:34:283:49:283:49:283:Infinity":10,"f:287:34:287:35":8,"s:288:26:288:Infinity":33,"b:288:26:288:47:288:47:288:Infinity":11,"f:305:20:305:21":9,"s:306:14:324:Infinity":34,"f:340:22:340:23":10,"s:341:16:351:Infinity":35,"f:360:22:360:23":11,"s:361:16:393:Infinity":36,"f:366:35:366:36":12,"s:367:22:367:Infinity":37,"s:368:22:368:Infinity":38,"s:369:22:369:Infinity":39,"f:384:37:384:38":13,"s:385:24:387:Infinity":40,"f:405:22:405:23":14,"s:406:16:434:Infinity":41,"f:410:35:410:36":15,"s:411:22:411:Infinity":42,"s:412:22:412:Infinity":43,"f:426:34:426:35":16,"s:427:24:429:Infinity":44,"f:443:22:443:23":17,"s:444:16:469:Infinity":45,"f:461:34:461:35":18,"s:462:24:464:Infinity":46,"f:478:22:478:23":19,"s:479:16:489:Infinity":47,"b:496:9:496:Infinity:497:10:499:Infinity":12,"b:510:28:510:44:510:44:510:Infinity":13}}}
,"D:\\AOA_PRACTICE\\AOA_Practice\\p_frontend\\src\\components\\form\\product\\AddProductForm.tsx": {"path":"D:\\AOA_PRACTICE\\AOA_Practice\\p_frontend\\src\\components\\form\\product\\AddProductForm.tsx","statementMap":{"0":{"start":{"line":66,"column":8},"end":{"line":66,"column":null}},"1":{"start":{"line":70,"column":38},"end":{"line":72,"column":null}},"2":{"start":{"line":74,"column":38},"end":{"line":76,"column":null}},"3":{"start":{"line":79,"column":38},"end":{"line":79,"column":null}},"4":{"start":{"line":82,"column":8},"end":{"line":94,"column":null}},"5":{"start":{"line":97,"column":2},"end":{"line":138,"column":null}},"6":{"start":{"line":98,"column":4},"end":{"line":137,"column":null}},"7":{"start":{"line":102,"column":30},"end":{"line":102,"column":null}},"8":{"start":{"line":103,"column":6},"end":{"line":119,"column":null}},"9":{"start":{"line":104,"column":8},"end":{"line":116,"column":null}},"10":{"start":{"line":109,"column":28},"end":{"line":112,"column":null}},"11":{"start":{"line":111,"column":24},"end":{"line":111,"column":32}},"12":{"start":{"line":115,"column":10},"end":{"line":115,"column":null}},"13":{"start":{"line":118,"column":8},"end":{"line":118,"column":null}},"14":{"start":{"line":121,"column":6},"end":{"line":136,"column":null}},"15":{"start":{"line":140,"column":30},"end":{"line":140,"column":null}},"16":{"start":{"line":141,"column":30},"end":{"line":141,"column":null}},"17":{"start":{"line":143,"column":2},"end":{"line":166,"column":null}},"18":{"start":{"line":144,"column":4},"end":{"line":147,"column":null}},"19":{"start":{"line":145,"column":6},"end":{"line":145,"column":null}},"20":{"start":{"line":146,"column":6},"end":{"line":146,"column":null}},"21":{"start":{"line":149,"column":4},"end":{"line":165,"column":null}},"22":{"start":{"line":154,"column":21},"end":{"line":154,"column":31}},"23":{"start":{"line":156,"column":8},"end":{"line":160,"column":null}},"24":{"start":{"line":157,"column":10},"end":{"line":157,"column":null}},"25":{"start":{"line":159,"column":10},"end":{"line":159,"column":null}},"26":{"start":{"line":163,"column":8},"end":{"line":163,"column":null}},"27":{"start":{"line":164,"column":8},"end":{"line":164,"column":null}},"28":{"start":{"line":169,"column":2},"end":{"line":179,"column":null}},"29":{"start":{"line":170,"column":4},"end":{"line":178,"column":null}},"30":{"start":{"line":173,"column":21},"end":{"line":173,"column":31}},"31":{"start":{"line":175,"column":8},"end":{"line":176,"column":null}},"32":{"start":{"line":175,"column":38},"end":{"line":175,"column":null}},"33":{"start":{"line":176,"column":13},"end":{"line":176,"column":null}},"34":{"start":{"line":178,"column":19},"end":{"line":178,"column":38}},"35":{"start":{"line":182,"column":2},"end":{"line":203,"column":null}},"36":{"start":{"line":183,"column":4},"end":{"line":187,"column":null}},"37":{"start":{"line":184,"column":6},"end":{"line":184,"column":null}},"38":{"start":{"line":185,"column":6},"end":{"line":185,"column":null}},"39":{"start":{"line":186,"column":6},"end":{"line":186,"column":null}},"40":{"start":{"line":189,"column":4},"end":{"line":202,"column":null}},"41":{"start":{"line":194,"column":21},"end":{"line":194,"column":31}},"42":{"start":{"line":196,"column":8},"end":{"line":200,"column":null}},"43":{"start":{"line":197,"column":10},"end":{"line":197,"column":null}},"44":{"start":{"line":199,"column":10},"end":{"line":199,"column":null}},"45":{"start":{"line":202,"column":19},"end":{"line":202,"column":38}},"46":{"start":{"line":206,"column":37},"end":{"line":212,"column":null}},"47":{"start":{"line":208,"column":4},"end":{"line":208,"column":null}},"48":{"start":{"line":211,"column":4},"end":{"line":211,"column":null}},"49":{"start":{"line":216,"column":21},"end":{"line":216,"column":null}},"50":{"start":{"line":218,"column":4},"end":{"line":218,"column":null}},"51":{"start":{"line":219,"column":4},"end":{"line":219,"column":null}},"52":{"start":{"line":220,"column":4},"end":{"line":220,"column":null}},"53":{"start":{"line":221,"column":4},"end":{"line":221,"column":null}},"54":{"start":{"line":224,"column":27},"end":{"line":224,"column":null}},"55":{"start":{"line":225,"column":4},"end":{"line":225,"column":null}},"56":{"start":{"line":225,"column":34},"end":{"line":225,"column":77}},"57":{"start":{"line":227,"column":4},"end":{"line":227,"column":null}},"58":{"start":{"line":228,"column":4},"end":{"line":228,"column":null}},"59":{"start":{"line":229,"column":4},"end":{"line":232,"column":null}},"60":{"start":{"line":234,"column":4},"end":{"line":236,"column":null}},"61":{"start":{"line":235,"column":6},"end":{"line":235,"column":null}},"62":{"start":{"line":238,"column":4},"end":{"line":240,"column":null}},"63":{"start":{"line":239,"column":6},"end":{"line":239,"column":null}},"64":{"start":{"line":243,"column":21},"end":{"line":243,"column":null}},"65":{"start":{"line":244,"column":4},"end":{"line":246,"column":null}},"66":{"start":{"line":245,"column":6},"end":{"line":245,"column":null}},"67":{"start":{"line":249,"column":22},"end":{"line":249,"column":null}},"68":{"start":{"line":250,"column":4},"end":{"line":252,"column":null}},"69":{"start":{"line":251,"column":6},"end":{"line":251,"column":null}},"70":{"start":{"line":254,"column":4},"end":{"line":259,"column":null}},"71":{"start":{"line":255,"column":6},"end":{"line":255,"column":null}},"72":{"start":{"line":257,"column":27},"end":{"line":257,"column":null}},"73":{"start":{"line":258,"column":6},"end":{"line":258,"column":null}},"74":{"start":{"line":261,"column":4},"end":{"line":261,"column":null}},"75":{"start":{"line":265,"column":22},"end":{"line":268,"column":null}},"76":{"start":{"line":271,"column":22},"end":{"line":278,"column":null}},"77":{"start":{"line":280,"column":4},"end":{"line":280,"column":null}},"78":{"start":{"line":283,"column":4},"end":{"line":283,"column":null}},"79":{"start":{"line":285,"column":2},"end":{"line":584,"column":null}},"80":{"start":{"line":295,"column":14},"end":{"line":320,"column":null}},"81":{"start":{"line":312,"column":24},"end":{"line":314,"column":null}},"82":{"start":{"line":329,"column":14},"end":{"line":367,"column":null}},"83":{"start":{"line":356,"column":24},"end":{"line":361,"column":null}},"84":{"start":{"line":379,"column":31},"end":{"line":379,"column":null}},"85":{"start":{"line":403,"column":14},"end":{"line":409,"column":null}},"86":{"start":{"line":417,"column":14},"end":{"line":431,"column":null}},"87":{"start":{"line":440,"column":29},"end":{"line":440,"column":null}},"88":{"start":{"line":443,"column":12},"end":{"line":472,"column":null}},"89":{"start":{"line":467,"column":38},"end":{"line":467,"column":59}},"90":{"start":{"line":482,"column":14},"end":{"line":507,"column":null}},"91":{"start":{"line":516,"column":14},"end":{"line":544,"column":null}},"92":{"start":{"line":554,"column":12},"end":{"line":570,"column":null}}},"fnMap":{"0":{"name":"AddProductForm","decl":{"start":{"line":60,"column":24},"end":{"line":60,"column":39}},"loc":{"start":{"line":65,"column":10},"end":{"line":586,"column":null}},"line":65},"1":{"name":"(anonymous_1)","decl":{"start":{"line":97,"column":12},"end":{"line":97,"column":18}},"loc":{"start":{"line":97,"column":18},"end":{"line":138,"column":5}},"line":97},"2":{"name":"(anonymous_2)","decl":{"start":{"line":111,"column":17},"end":{"line":111,"column":18}},"loc":{"start":{"line":111,"column":24},"end":{"line":111,"column":32}},"line":111},"3":{"name":"(anonymous_3)","decl":{"start":{"line":143,"column":12},"end":{"line":143,"column":18}},"loc":{"start":{"line":143,"column":18},"end":{"line":166,"column":5}},"line":143},"4":{"name":"(anonymous_4)","decl":{"start":{"line":154,"column":12},"end":{"line":154,"column":13}},"loc":{"start":{"line":154,"column":21},"end":{"line":154,"column":31}},"line":154},"5":{"name":"(anonymous_5)","decl":{"start":{"line":155,"column":12},"end":{"line":155,"column":13}},"loc":{"start":{"line":155,"column":21},"end":{"line":161,"column":7}},"line":155},"6":{"name":"(anonymous_6)","decl":{"start":{"line":162,"column":13},"end":{"line":162,"column":14}},"loc":{"start":{"line":162,"column":22},"end":{"line":165,"column":7}},"line":162},"7":{"name":"(anonymous_7)","decl":{"start":{"line":169,"column":12},"end":{"line":169,"column":18}},"loc":{"start":{"line":169,"column":18},"end":{"line":179,"column":5}},"line":169},"8":{"name":"(anonymous_8)","decl":{"start":{"line":173,"column":12},"end":{"line":173,"column":13}},"loc":{"start":{"line":173,"column":21},"end":{"line":173,"column":31}},"line":173},"9":{"name":"(anonymous_9)","decl":{"start":{"line":174,"column":12},"end":{"line":174,"column":13}},"loc":{"start":{"line":174,"column":21},"end":{"line":177,"column":7}},"line":174},"10":{"name":"(anonymous_10)","decl":{"start":{"line":178,"column":13},"end":{"line":178,"column":19}},"loc":{"start":{"line":178,"column":19},"end":{"line":178,"column":38}},"line":178},"11":{"name":"(anonymous_11)","decl":{"start":{"line":182,"column":12},"end":{"line":182,"column":18}},"loc":{"start":{"line":182,"column":18},"end":{"line":203,"column":5}},"line":182},"12":{"name":"(anonymous_12)","decl":{"start":{"line":194,"column":12},"end":{"line":194,"column":13}},"loc":{"start":{"line":194,"column":21},"end":{"line":194,"column":31}},"line":194},"13":{"name":"(anonymous_13)","decl":{"start":{"line":195,"column":12},"end":{"line":195,"column":13}},"loc":{"start":{"line":195,"column":21},"end":{"line":201,"column":7}},"line":195},"14":{"name":"(anonymous_14)","decl":{"start":{"line":202,"column":13},"end":{"line":202,"column":19}},"loc":{"start":{"line":202,"column":19},"end":{"line":202,"column":38}},"line":202},"15":{"name":"(anonymous_15)","decl":{"start":{"line":206,"column":37},"end":{"line":206,"column":38}},"loc":{"start":{"line":206,"column":63},"end":{"line":212,"column":null}},"line":206},"16":{"name":"onSubmit","decl":{"start":{"line":215,"column":17},"end":{"line":215,"column":26}},"loc":{"start":{"line":215,"column":46},"end":{"line":262,"column":null}},"line":215},"17":{"name":"(anonymous_17)","decl":{"start":{"line":225,"column":27},"end":{"line":225,"column":28}},"loc":{"start":{"line":225,"column":34},"end":{"line":225,"column":77}},"line":225},"18":{"name":"(anonymous_18)","decl":{"start":{"line":294,"column":20},"end":{"line":294,"column":21}},"loc":{"start":{"line":295,"column":14},"end":{"line":320,"column":null}},"line":295},"19":{"name":"(anonymous_19)","decl":{"start":{"line":311,"column":39},"end":{"line":311,"column":40}},"loc":{"start":{"line":312,"column":24},"end":{"line":314,"column":null}},"line":312},"20":{"name":"(anonymous_20)","decl":{"start":{"line":328,"column":20},"end":{"line":328,"column":21}},"loc":{"start":{"line":329,"column":14},"end":{"line":367,"column":null}},"line":329},"21":{"name":"(anonymous_21)","decl":{"start":{"line":355,"column":39},"end":{"line":355,"column":40}},"loc":{"start":{"line":356,"column":24},"end":{"line":361,"column":null}},"line":356},"22":{"name":"(anonymous_22)","decl":{"start":{"line":379,"column":25},"end":{"line":379,"column":31}},"loc":{"start":{"line":379,"column":31},"end":{"line":379,"column":null}},"line":379},"23":{"name":"(anonymous_23)","decl":{"start":{"line":402,"column":20},"end":{"line":402,"column":21}},"loc":{"start":{"line":403,"column":14},"end":{"line":409,"column":null}},"line":403},"24":{"name":"(anonymous_24)","decl":{"start":{"line":416,"column":20},"end":{"line":416,"column":21}},"loc":{"start":{"line":417,"column":14},"end":{"line":431,"column":null}},"line":417},"25":{"name":"(anonymous_25)","decl":{"start":{"line":440,"column":22},"end":{"line":440,"column":23}},"loc":{"start":{"line":440,"column":29},"end":{"line":440,"column":null}},"line":440},"26":{"name":"(anonymous_26)","decl":{"start":{"line":442,"column":18},"end":{"line":442,"column":19}},"loc":{"start":{"line":443,"column":12},"end":{"line":472,"column":null}},"line":443},"27":{"name":"(anonymous_27)","decl":{"start":{"line":467,"column":28},"end":{"line":467,"column":29}},"loc":{"start":{"line":467,"column":38},"end":{"line":467,"column":59}},"line":467},"28":{"name":"(anonymous_28)","decl":{"start":{"line":481,"column":20},"end":{"line":481,"column":21}},"loc":{"start":{"line":482,"column":14},"end":{"line":507,"column":null}},"line":482},"29":{"name":"(anonymous_29)","decl":{"start":{"line":515,"column":20},"end":{"line":515,"column":21}},"loc":{"start":{"line":516,"column":14},"end":{"line":544,"column":null}},"line":516},"30":{"name":"(anonymous_30)","decl":{"start":{"line":553,"column":18},"end":{"line":553,"column":19}},"loc":{"start":{"line":554,"column":12},"end":{"line":570,"column":null}},"line":554}},"branchMap":{"0":{"loc":{"start":{"line":64,"column":2},"end":{"line":64,"column":null}},"type":"default-arg","locations":[{"start":{"line":64,"column":11},"end":{"line":64,"column":null}}],"line":64},"1":{"loc":{"start":{"line":98,"column":4},"end":{"line":137,"column":null}},"type":"if","locations":[{"start":{"line":98,"column":4},"end":{"line":137,"column":null}},{"start":{},"end":{}}],"line":98},"2":{"loc":{"start":{"line":98,"column":8},"end":{"line":98,"column":25}},"type":"binary-expr","locations":[{"start":{"line":98,"column":8},"end":{"line":98,"column":18}},{"start":{"line":98,"column":18},"end":{"line":98,"column":25}}],"line":98},"3":{"loc":{"start":{"line":104,"column":8},"end":{"line":116,"column":null}},"type":"if","locations":[{"start":{"line":104,"column":8},"end":{"line":116,"column":null}},{"start":{},"end":{}}],"line":104},"4":{"loc":{"start":{"line":131,"column":28},"end":{"line":133,"column":null}},"type":"cond-expr","locations":[{"start":{"line":132,"column":12},"end":{"line":132,"column":null}},{"start":{"line":133,"column":12},"end":{"line":133,"column":null}}],"line":131},"5":{"loc":{"start":{"line":134,"column":23},"end":{"line":134,"column":null}},"type":"binary-expr","locations":[{"start":{"line":134,"column":23},"end":{"line":134,"column":53}},{"start":{"line":134,"column":53},"end":{"line":134,"column":null}}],"line":134},"6":{"loc":{"start":{"line":144,"column":4},"end":{"line":147,"column":null}},"type":"if","locations":[{"start":{"line":144,"column":4},"end":{"line":147,"column":null}},{"start":{},"end":{}}],"line":144},"7":{"loc":{"start":{"line":144,"column":8},"end":{"line":144,"column":54}},"type":"binary-expr","locations":[{"start":{"line":144,"column":8},"end":{"line":144,"column":32}},{"start":{"line":144,"column":32},"end":{"line":144,"column":54}}],"line":144},"8":{"loc":{"start":{"line":150,"column":9},"end":{"line":150,"column":64}},"type":"binary-expr","locations":[{"start":{"line":150,"column":9},"end":{"line":150,"column":41}},{"start":{"line":150,"column":41},"end":{"line":150,"column":64}}],"line":150},"9":{"loc":{"start":{"line":156,"column":8},"end":{"line":160,"column":null}},"type":"if","locations":[{"start":{"line":156,"column":8},"end":{"line":160,"column":null}},{"start":{"line":158,"column":15},"end":{"line":160,"column":null}}],"line":156},"10":{"loc":{"start":{"line":156,"column":12},"end":{"line":156,"column":37}},"type":"binary-expr","locations":[{"start":{"line":156,"column":12},"end":{"line":156,"column":27}},{"start":{"line":156,"column":27},"end":{"line":156,"column":37}}],"line":156},"11":{"loc":{"start":{"line":171,"column":9},"end":{"line":171,"column":64}},"type":"binary-expr","locations":[{"start":{"line":171,"column":9},"end":{"line":171,"column":41}},{"start":{"line":171,"column":41},"end":{"line":171,"column":64}}],"line":171},"12":{"loc":{"start":{"line":175,"column":8},"end":{"line":176,"column":null}},"type":"if","locations":[{"start":{"line":175,"column":8},"end":{"line":176,"column":null}},{"start":{"line":176,"column":13},"end":{"line":176,"column":null}}],"line":175},"13":{"loc":{"start":{"line":183,"column":4},"end":{"line":187,"column":null}},"type":"if","locations":[{"start":{"line":183,"column":4},"end":{"line":187,"column":null}},{"start":{},"end":{}}],"line":183},"14":{"loc":{"start":{"line":190,"column":9},"end":{"line":190,"column":64}},"type":"binary-expr","locations":[{"start":{"line":190,"column":9},"end":{"line":190,"column":41}},{"start":{"line":190,"column":41},"end":{"line":190,"column":64}}],"line":190},"15":{"loc":{"start":{"line":196,"column":8},"end":{"line":200,"column":null}},"type":"if","locations":[{"start":{"line":196,"column":8},"end":{"line":200,"column":null}},{"start":{"line":198,"column":15},"end":{"line":200,"column":null}}],"line":196},"16":{"loc":{"start":{"line":234,"column":4},"end":{"line":236,"column":null}},"type":"if","locations":[{"start":{"line":234,"column":4},"end":{"line":236,"column":null}},{"start":{},"end":{}}],"line":234},"17":{"loc":{"start":{"line":238,"column":4},"end":{"line":240,"column":null}},"type":"if","locations":[{"start":{"line":238,"column":4},"end":{"line":240,"column":null}},{"start":{},"end":{}}],"line":238},"18":{"loc":{"start":{"line":244,"column":4},"end":{"line":246,"column":null}},"type":"if","locations":[{"start":{"line":244,"column":4},"end":{"line":246,"column":null}},{"start":{},"end":{}}],"line":244},"19":{"loc":{"start":{"line":250,"column":4},"end":{"line":252,"column":null}},"type":"if","locations":[{"start":{"line":250,"column":4},"end":{"line":252,"column":null}},{"start":{},"end":{}}],"line":250},"20":{"loc":{"start":{"line":254,"column":4},"end":{"line":259,"column":null}},"type":"if","locations":[{"start":{"line":254,"column":4},"end":{"line":259,"column":null}},{"start":{"line":256,"column":11},"end":{"line":259,"column":null}}],"line":254},"21":{"loc":{"start":{"line":254,"column":8},"end":{"line":254,"column":25}},"type":"binary-expr","locations":[{"start":{"line":254,"column":8},"end":{"line":254,"column":18}},{"start":{"line":254,"column":18},"end":{"line":254,"column":25}}],"line":254},"22":{"loc":{"start":{"line":306,"column":21},"end":{"line":315,"column":null}},"type":"cond-expr","locations":[{"start":{"line":307,"column":22},"end":{"line":309,"column":null}},{"start":{"line":311,"column":22},"end":{"line":315,"column":null}}],"line":306},"23":{"loc":{"start":{"line":342,"column":26},"end":{"line":344,"column":null}},"type":"cond-expr","locations":[{"start":{"line":343,"column":30},"end":{"line":343,"column":null}},{"start":{"line":344,"column":30},"end":{"line":344,"column":null}}],"line":342},"24":{"loc":{"start":{"line":350,"column":21},"end":{"line":362,"column":null}},"type":"cond-expr","locations":[{"start":{"line":351,"column":22},"end":{"line":353,"column":null}},{"start":{"line":355,"column":22},"end":{"line":362,"column":null}}],"line":350},"25":{"loc":{"start":{"line":374,"column":9},"end":{"line":394,"column":null}},"type":"binary-expr","locations":[{"start":{"line":374,"column":9},"end":{"line":374,"column":null}},{"start":{"line":375,"column":10},"end":{"line":394,"column":null}}],"line":374},"26":{"loc":{"start":{"line":440,"column":29},"end":{"line":440,"column":null}},"type":"binary-expr","locations":[{"start":{"line":440,"column":29},"end":{"line":440,"column":45}},{"start":{"line":440,"column":45},"end":{"line":440,"column":null}}],"line":440},"27":{"loc":{"start":{"line":459,"column":15},"end":{"line":470,"column":null}},"type":"binary-expr","locations":[{"start":{"line":459,"column":15},"end":{"line":459,"column":null}},{"start":{"line":460,"column":16},"end":{"line":470,"column":null}}],"line":459},"28":{"loc":{"start":{"line":491,"column":26},"end":{"line":491,"column":null}},"type":"binary-expr","locations":[{"start":{"line":491,"column":26},"end":{"line":491,"column":42}},{"start":{"line":491,"column":42},"end":{"line":491,"column":null}}],"line":491},"29":{"loc":{"start":{"line":527,"column":26},"end":{"line":527,"column":null}},"type":"binary-expr","locations":[{"start":{"line":527,"column":26},"end":{"line":527,"column":42}},{"start":{"line":527,"column":42},"end":{"line":527,"column":null}}],"line":527},"30":{"loc":{"start":{"line":531,"column":25},"end":{"line":531,"column":null}},"type":"cond-expr","locations":[{"start":{"line":531,"column":31},"end":{"line":531,"column":68}},{"start":{"line":531,"column":68},"end":{"line":531,"column":null}}],"line":531},"31":{"loc":{"start":{"line":580,"column":13},"end":{"line":580,"column":null}},"type":"cond-expr","locations":[{"start":{"line":580,"column":22},"end":{"line":580,"column":39}},{"start":{"line":580,"column":39},"end":{"line":580,"column":null}}],"line":580}},"s":{"0":23,"1":23,"2":23,"3":23,"4":23,"5":23,"6":7,"7":0,"8":0,"9":0,"10":0,"11":0,"12":0,"13":0,"14":0,"15":23,"16":23,"17":23,"18":7,"19":7,"20":7,"21":0,"22":0,"23":0,"24":0,"25":0,"26":0,"27":0,"28":23,"29":7,"30":7,"31":7,"32":7,"33":0,"34":0,"35":23,"36":7,"37":7,"38":7,"39":7,"40":0,"41":0,"42":0,"43":0,"44":0,"45":0,"46":23,"47":0,"48":0,"49":0,"50":0,"51":0,"52":0,"53":0,"54":0,"55":0,"56":0,"57":0,"58":0,"59":0,"60":0,"61":0,"62":0,"63":0,"64":0,"65":0,"66":0,"67":0,"68":0,"69":0,"70":0,"71":0,"72":0,"73":0,"74":0,"75":23,"76":23,"77":23,"78":23,"79":23,"80":25,"81":11,"82":25,"83":0,"84":0,"85":25,"86":25,"87":2,"88":25,"89":0,"90":25,"91":25,"92":25},"f":{"0":23,"1":7,"2":0,"3":7,"4":0,"5":0,"6":0,"7":7,"8":7,"9":7,"10":0,"11":7,"12":0,"13":0,"14":0,"15":0,"16":0,"17":0,"18":25,"19":11,"20":25,"21":0,"22":0,"23":25,"24":25,"25":2,"26":25,"27":0,"28":25,"29":25,"30":25},"b":{"0":[23],"1":[0,7],"2":[7,0],"3":[0,0],"4":[0,0],"5":[0,0],"6":[7,0],"7":[7,0],"8":[0,0],"9":[0,0],"10":[0,0],"11":[7,0],"12":[7,0],"13":[7,0],"14":[0,0],"15":[0,0],"16":[0,0],"17":[0,0],"18":[0,0],"19":[0,0],"20":[0,0],"21":[0,0],"22":[14,11],"23":[0,25],"24":[25,0],"25":[23,0],"26":[2,2],"27":[25,0],"28":[25,0],"29":[25,25],"30":[0,25],"31":[0,23]},"meta":{"lastBranch":32,"lastFunction":31,"lastStatement":93,"seen":{"f:60:24:60:39":0,"b:64:11:64:Infinity":0,"s:66:8:66:Infinity":0,"s:70:38:72:Infinity":1,"s:74:38:76:Infinity":2,"s:79:38:79:Infinity":3,"s:82:8:94:Infinity":4,"s:97:2:138:Infinity":5,"f:97:12:97:18":1,"b:98:4:137:Infinity:undefined:undefined:undefined:undefined":1,"s:98:4:137:Infinity":6,"b:98:8:98:18:98:18:98:25":2,"s:102:30:102:Infinity":7,"s:103:6:119:Infinity":8,"b:104:8:116:Infinity:undefined:undefined:undefined:undefined":3,"s:104:8:116:Infinity":9,"s:109:28:112:Infinity":10,"f:111:17:111:18":2,"s:111:24:111:32":11,"s:115:10:115:Infinity":12,"s:118:8:118:Infinity":13,"s:121:6:136:Infinity":14,"b:132:12:132:Infinity:133:12:133:Infinity":4,"b:134:23:134:53:134:53:134:Infinity":5,"s:140:30:140:Infinity":15,"s:141:30:141:Infinity":16,"s:143:2:166:Infinity":17,"f:143:12:143:18":3,"b:144:4:147:Infinity:undefined:undefined:undefined:undefined":6,"s:144:4:147:Infinity":18,"b:144:8:144:32:144:32:144:54":7,"s:145:6:145:Infinity":19,"s:146:6:146:Infinity":20,"s:149:4:165:Infinity":21,"b:150:9:150:41:150:41:150:64":8,"f:154:12:154:13":4,"s:154:21:154:31":22,"f:155:12:155:13":5,"b:156:8:160:Infinity:158:15:160:Infinity":9,"s:156:8:160:Infinity":23,"b:156:12:156:27:156:27:156:37":10,"s:157:10:157:Infinity":24,"s:159:10:159:Infinity":25,"f:162:13:162:14":6,"s:163:8:163:Infinity":26,"s:164:8:164:Infinity":27,"s:169:2:179:Infinity":28,"f:169:12:169:18":7,"s:170:4:178:Infinity":29,"b:171:9:171:41:171:41:171:64":11,"f:173:12:173:13":8,"s:173:21:173:31":30,"f:174:12:174:13":9,"b:175:8:176:Infinity:176:13:176:Infinity":12,"s:175:8:176:Infinity":31,"s:175:38:175:Infinity":32,"s:176:13:176:Infinity":33,"f:178:13:178:19":10,"s:178:19:178:38":34,"s:182:2:203:Infinity":35,"f:182:12:182:18":11,"b:183:4:187:Infinity:undefined:undefined:undefined:undefined":13,"s:183:4:187:Infinity":36,"s:184:6:184:Infinity":37,"s:185:6:185:Infinity":38,"s:186:6:186:Infinity":39,"s:189:4:202:Infinity":40,"b:190:9:190:41:190:41:190:64":14,"f:194:12:194:13":12,"s:194:21:194:31":41,"f:195:12:195:13":13,"b:196:8:200:Infinity:198:15:200:Infinity":15,"s:196:8:200:Infinity":42,"s:197:10:197:Infinity":43,"s:199:10:199:Infinity":44,"f:202:13:202:19":14,"s:202:19:202:38":45,"s:206:37:212:Infinity":46,"f:206:37:206:38":15,"s:208:4:208:Infinity":47,"s:211:4:211:Infinity":48,"f:215:17:215:26":16,"s:216:21:216:Infinity":49,"s:218:4:218:Infinity":50,"s:219:4:219:Infinity":51,"s:220:4:220:Infinity":52,"s:221:4:221:Infinity":53,"s:224:27:224:Infinity":54,"s:225:4:225:Infinity":55,"f:225:27:225:28":17,"s:225:34:225:77":56,"s:227:4:227:Infinity":57,"s:228:4:228:Infinity":58,"s:229:4:232:Infinity":59,"b:234:4:236:Infinity:undefined:undefined:undefined:undefined":16,"s:234:4:236:Infinity":60,"s:235:6:235:Infinity":61,"b:238:4:240:Infinity:undefined:undefined:undefined:undefined":17,"s:238:4:240:Infinity":62,"s:239:6:239:Infinity":63,"s:243:21:243:Infinity":64,"b:244:4:246:Infinity:undefined:undefined:undefined:undefined":18,"s:244:4:246:Infinity":65,"s:245:6:245:Infinity":66,"s:249:22:249:Infinity":67,"b:250:4:252:Infinity:undefined:undefined:undefined:undefined":19,"s:250:4:252:Infinity":68,"s:251:6:251:Infinity":69,"b:254:4:259:Infinity:256:11:259:Infinity":20,"s:254:4:259:Infinity":70,"b:254:8:254:18:254:18:254:25":21,"s:255:6:255:Infinity":71,"s:257:27:257:Infinity":72,"s:258:6:258:Infinity":73,"s:261:4:261:Infinity":74,"s:265:22:268:Infinity":75,"s:271:22:278:Infinity":76,"s:280:4:280:Infinity":77,"s:283:4:283:Infinity":78,"s:285:2:584:Infinity":79,"f:294:20:294:21":18,"s:295:14:320:Infinity":80,"b:307:22:309:Infinity:311:22:315:Infinity":22,"f:311:39:311:40":19,"s:312:24:314:Infinity":81,"f:328:20:328:21":20,"s:329:14:367:Infinity":82,"b:343:30:343:Infinity:344:30:344:Infinity":23,"b:351:22:353:Infinity:355:22:362:Infinity":24,"f:355:39:355:40":21,"s:356:24:361:Infinity":83,"b:374:9:374:Infinity:375:10:394:Infinity":25,"f:379:25:379:31":22,"s:379:31:379:Infinity":84,"f:402:20:402:21":23,"s:403:14:409:Infinity":85,"f:416:20:416:21":24,"s:417:14:431:Infinity":86,"f:440:22:440:23":25,"s:440:29:440:Infinity":87,"b:440:29:440:45:440:45:440:Infinity":26,"f:442:18:442:19":26,"s:443:12:472:Infinity":88,"b:459:15:459:Infinity:460:16:470:Infinity":27,"f:467:28:467:29":27,"s:467:38:467:59":89,"f:481:20:481:21":28,"s:482:14:507:Infinity":90,"b:491:26:491:42:491:42:491:Infinity":28,"f:515:20:515:21":29,"s:516:14:544:Infinity":91,"b:527:26:527:42:527:42:527:Infinity":29,"b:531:31:531:68:531:68:531:Infinity":30,"f:553:18:553:19":30,"s:554:12:570:Infinity":92,"b:580:22:580:39:580:39:580:Infinity":31}}}
,"D:\\AOA_PRACTICE\\AOA_Practice\\p_frontend\\src\\components\\form\\product\\ProductDetails.tsx": {"path":"D:\\AOA_PRACTICE\\AOA_Practice\\p_frontend\\src\\components\\form\\product\\ProductDetails.tsx","statementMap":{"0":{"start":{"line":28,"column":2},"end":{"line":117,"column":null}},"1":{"start":{"line":131,"column":2},"end":{"line":144,"column":null}}},"fnMap":{"0":{"name":"OrderDetailsDialog","decl":{"start":{"line":27,"column":24},"end":{"line":27,"column":43}},"loc":{"start":{"line":27,"column":70},"end":{"line":119,"column":null}},"line":27},"1":{"name":"DetailCard","decl":{"start":{"line":122,"column":9},"end":{"line":122,"column":20}},"loc":{"start":{"line":130,"column":3},"end":{"line":146,"column":null}},"line":130}},"branchMap":{"0":{"loc":{"start":{"line":42,"column":9},"end":{"line":114,"column":null}},"type":"binary-expr","locations":[{"start":{"line":42,"column":9},"end":{"line":42,"column":null}},{"start":{"line":43,"column":10},"end":{"line":114,"column":null}}],"line":42},"1":{"loc":{"start":{"line":76,"column":20},"end":{"line":78,"column":null}},"type":"cond-expr","locations":[{"start":{"line":77,"column":24},"end":{"line":77,"column":null}},{"start":{"line":78,"column":24},"end":{"line":78,"column":null}}],"line":76},"2":{"loc":{"start":{"line":140,"column":13},"end":{"line":140,"column":null}},"type":"binary-expr","locations":[{"start":{"line":140,"column":13},"end":{"line":140,"column":22}},{"start":{"line":140,"column":22},"end":{"line":140,"column":null}}],"line":140}},"s":{"0":5,"1":24},"f":{"0":5,"1":24},"b":{"0":[5,3],"1":[3,0],"2":[24,0]},"meta":{"lastBranch":3,"lastFunction":2,"lastStatement":2,"seen":{"f:27:24:27:43":0,"s:28:2:117:Infinity":0,"b:42:9:42:Infinity:43:10:114:Infinity":0,"b:77:24:77:Infinity:78:24:78:Infinity":1,"f:122:9:122:20":1,"s:131:2:144:Infinity":1,"b:140:13:140:22:140:22:140:Infinity":2}}}
,"D:\\AOA_PRACTICE\\AOA_Practice\\p_frontend\\src\\components\\ui\\button.tsx": {"path":"D:\\AOA_PRACTICE\\AOA_Practice\\p_frontend\\src\\components\\ui\\button.tsx","statementMap":{"0":{"start":{"line":9,"column":6},"end":{"line":37,"column":null}},"1":{"start":{"line":45,"column":15},"end":{"line":56,"column":null}},"2":{"start":{"line":47,"column":17},"end":{"line":47,"column":null}},"3":{"start":{"line":48,"column":4},"end":{"line":53,"column":null}},"4":{"start":{"line":57,"column":0},"end":{"line":57,"column":null}}},"fnMap":{"0":{"name":"(anonymous_0)","decl":{"start":{"line":46,"column":2},"end":{"line":46,"column":3}},"loc":{"start":{"line":46,"column":68},"end":{"line":55,"column":null}},"line":46}},"branchMap":{"0":{"loc":{"start":{"line":46,"column":31},"end":{"line":46,"column":48}},"type":"default-arg","locations":[{"start":{"line":46,"column":41},"end":{"line":46,"column":48}}],"line":46},"1":{"loc":{"start":{"line":47,"column":17},"end":{"line":47,"column":null}},"type":"cond-expr","locations":[{"start":{"line":47,"column":27},"end":{"line":47,"column":34}},{"start":{"line":47,"column":34},"end":{"line":47,"column":null}}],"line":47}},"s":{"0":2,"1":2,"2":150,"3":150,"4":2},"f":{"0":150},"b":{"0":[150],"1":[0,150]},"meta":{"lastBranch":2,"lastFunction":1,"lastStatement":5,"seen":{"s:9:6:37:Infinity":0,"s:45:15:56:Infinity":1,"f:46:2:46:3":0,"b:46:41:46:48":0,"s:47:17:47:Infinity":2,"b:47:27:47:34:47:34:47:Infinity":1,"s:48:4:53:Infinity":3,"s:57:0:57:Infinity":4}}}
,"D:\\AOA_PRACTICE\\AOA_Practice\\p_frontend\\src\\components\\ui\\calendar.tsx": {"path":"D:\\AOA_PRACTICE\\AOA_Practice\\p_frontend\\src\\components\\ui\\calendar.tsx","statementMap":{"0":{"start":{"line":26,"column":8},"end":{"line":26,"column":null}},"1":{"start":{"line":28,"column":0},"end":{"line":178,"column":null}},"2":{"start":{"line":41,"column":8},"end":{"line":41,"column":null}},"3":{"start":{"line":136,"column":8},"end":{"line":142,"column":null}},"4":{"start":{"line":146,"column":8},"end":{"line":150,"column":null}},"5":{"start":{"line":147,"column":10},"end":{"line":148,"column":null}},"6":{"start":{"line":152,"column":8},"end":{"line":159,"column":null}},"7":{"start":{"line":153,"column":10},"end":{"line":157,"column":null}},"8":{"start":{"line":161,"column":8},"end":{"line":162,"column":null}},"9":{"start":{"line":167,"column":8},"end":{"line":172,"column":null}},"10":{"start":{"line":189,"column":8},"end":{"line":189,"column":null}},"11":{"start":{"line":191,"column":14},"end":{"line":191,"column":null}},"12":{"start":{"line":192,"column":2},"end":{"line":194,"column":null}},"13":{"start":{"line":193,"column":4},"end":{"line":193,"column":null}},"14":{"start":{"line":193,"column":27},"end":{"line":193,"column":null}},"15":{"start":{"line":196,"column":2},"end":{"line":217,"column":null}}},"fnMap":{"0":{"name":"Calendar","decl":{"start":{"line":14,"column":9},"end":{"line":14,"column":18}},"loc":{"start":{"line":25,"column":3},"end":{"line":181,"column":null}},"line":25},"1":{"name":"(anonymous_1)","decl":{"start":{"line":40,"column":27},"end":{"line":40,"column":28}},"loc":{"start":{"line":41,"column":8},"end":{"line":41,"column":null}},"line":41},"2":{"name":"(anonymous_2)","decl":{"start":{"line":135,"column":12},"end":{"line":135,"column":13}},"loc":{"start":{"line":135,"column":50},"end":{"line":144,"column":null}},"line":135},"3":{"name":"(anonymous_3)","decl":{"start":{"line":145,"column":15},"end":{"line":145,"column":16}},"loc":{"start":{"line":145,"column":57},"end":{"line":164,"column":null}},"line":145},"4":{"name":"(anonymous_4)","decl":{"start":{"line":166,"column":18},"end":{"line":166,"column":19}},"loc":{"start":{"line":166,"column":46},"end":{"line":174,"column":null}},"line":166},"5":{"name":"CalendarDayButton","decl":{"start":{"line":183,"column":9},"end":{"line":183,"column":27}},"loc":{"start":{"line":188,"column":43},"end":{"line":219,"column":null}},"line":188},"6":{"name":"(anonymous_6)","decl":{"start":{"line":192,"column":18},"end":{"line":192,"column":24}},"loc":{"start":{"line":192,"column":24},"end":{"line":194,"column":5}},"line":192}},"branchMap":{"0":{"loc":{"start":{"line":17,"column":2},"end":{"line":17,"column":null}},"type":"default-arg","locations":[{"start":{"line":17,"column":20},"end":{"line":17,"column":null}}],"line":17},"1":{"loc":{"start":{"line":18,"column":2},"end":{"line":18,"column":null}},"type":"default-arg","locations":[{"start":{"line":18,"column":18},"end":{"line":18,"column":null}}],"line":18},"2":{"loc":{"start":{"line":19,"column":2},"end":{"line":19,"column":null}},"type":"default-arg","locations":[{"start":{"line":19,"column":18},"end":{"line":19,"column":null}}],"line":19},"3":{"loc":{"start":{"line":89,"column":8},"end":{"line":91,"column":null}},"type":"cond-expr","locations":[{"start":{"line":90,"column":12},"end":{"line":90,"column":null}},{"start":{"line":91,"column":12},"end":{"line":91,"column":null}}],"line":89},"4":{"loc":{"start":{"line":146,"column":8},"end":{"line":150,"column":null}},"type":"if","locations":[{"start":{"line":146,"column":8},"end":{"line":150,"column":null}},{"start":{},"end":{}}],"line":146},"5":{"loc":{"start":{"line":152,"column":8},"end":{"line":159,"column":null}},"type":"if","locations":[{"start":{"line":152,"column":8},"end":{"line":159,"column":null}},{"start":{},"end":{}}],"line":152},"6":{"loc":{"start":{"line":193,"column":4},"end":{"line":193,"column":null}},"type":"if","locations":[{"start":{"line":193,"column":4},"end":{"line":193,"column":null}},{"start":{},"end":{}}],"line":193},"7":{"loc":{"start":{"line":203,"column":8},"end":{"line":206,"column":null}},"type":"binary-expr","locations":[{"start":{"line":203,"column":8},"end":{"line":203,"column":null}},{"start":{"line":204,"column":8},"end":{"line":204,"column":null}},{"start":{"line":205,"column":8},"end":{"line":205,"column":null}},{"start":{"line":206,"column":8},"end":{"line":206,"column":null}}],"line":203}},"s":{"0":0,"1":0,"2":0,"3":0,"4":0,"5":0,"6":0,"7":0,"8":0,"9":0,"10":0,"11":0,"12":0,"13":0,"14":0,"15":0},"f":{"0":0,"1":0,"2":0,"3":0,"4":0,"5":0,"6":0},"b":{"0":[0],"1":[0],"2":[0],"3":[0,0],"4":[0,0],"5":[0,0],"6":[0,0],"7":[0,0,0,0]},"meta":{"lastBranch":8,"lastFunction":7,"lastStatement":16,"seen":{"f:14:9:14:18":0,"b:17:20:17:Infinity":0,"b:18:18:18:Infinity":1,"b:19:18:19:Infinity":2,"s:26:8:26:Infinity":0,"s:28:0:178:Infinity":1,"f:40:27:40:28":1,"s:41:8:41:Infinity":2,"b:90:12:90:Infinity:91:12:91:Infinity":3,"f:135:12:135:13":2,"s:136:8:142:Infinity":3,"f:145:15:145:16":3,"b:146:8:150:Infinity:undefined:undefined:undefined:undefined":4,"s:146:8:150:Infinity":4,"s:147:10:148:Infinity":5,"b:152:8:159:Infinity:undefined:undefined:undefined:undefined":5,"s:152:8:159:Infinity":6,"s:153:10:157:Infinity":7,"s:161:8:162:Infinity":8,"f:166:18:166:19":4,"s:167:8:172:Infinity":9,"f:183:9:183:27":5,"s:189:8:189:Infinity":10,"s:191:14:191:Infinity":11,"s:192:2:194:Infinity":12,"f:192:18:192:24":6,"b:193:4:193:Infinity:undefined:undefined:undefined:undefined":6,"s:193:4:193:Infinity":13,"s:193:27:193:Infinity":14,"s:196:2:217:Infinity":15,"b:203:8:203:Infinity:204:8:204:Infinity:205:8:205:Infinity:206:8:206:Infinity":7}}}
,"D:\\AOA_PRACTICE\\AOA_Practice\\p_frontend\\src\\components\\ui\\form.tsx": {"path":"D:\\AOA_PRACTICE\\AOA_Practice\\p_frontend\\src\\components\\ui\\form.tsx","statementMap":{"0":{"start":{"line":16,"column":13},"end":{"line":16,"column":null}},"1":{"start":{"line":25,"column":25},"end":{"line":25,"column":null}},"2":{"start":{"line":27,"column":18},"end":{"line":38,"column":null}},"3":{"start":{"line":33,"column":2},"end":{"line":36,"column":null}},"4":{"start":{"line":40,"column":21},"end":{"line":65,"column":null}},"5":{"start":{"line":41,"column":23},"end":{"line":41,"column":null}},"6":{"start":{"line":42,"column":22},"end":{"line":42,"column":null}},"7":{"start":{"line":43,"column":35},"end":{"line":43,"column":null}},"8":{"start":{"line":45,"column":2},"end":{"line":47,"column":null}},"9":{"start":{"line":46,"column":4},"end":{"line":46,"column":null}},"10":{"start":{"line":49,"column":2},"end":{"line":51,"column":null}},"11":{"start":{"line":50,"column":4},"end":{"line":50,"column":null}},"12":{"start":{"line":53,"column":21},"end":{"line":53,"column":null}},"13":{"start":{"line":55,"column":17},"end":{"line":55,"column":null}},"14":{"start":{"line":57,"column":2},"end":{"line":64,"column":null}},"15":{"start":{"line":71,"column":24},"end":{"line":71,"column":null}},"16":{"start":{"line":73,"column":17},"end":{"line":84,"column":null}},"17":{"start":{"line":77,"column":13},"end":{"line":77,"column":null}},"18":{"start":{"line":79,"column":2},"end":{"line":82,"column":null}},"19":{"start":{"line":85,"column":0},"end":{"line":85,"column":null}},"20":{"start":{"line":87,"column":18},"end":{"line":101,"column":null}},"21":{"start":{"line":91,"column":32},"end":{"line":91,"column":null}},"22":{"start":{"line":93,"column":2},"end":{"line":99,"column":null}},"23":{"start":{"line":102,"column":0},"end":{"line":102,"column":null}},"24":{"start":{"line":104,"column":20},"end":{"line":123,"column":null}},"25":{"start":{"line":108,"column":66},"end":{"line":108,"column":null}},"26":{"start":{"line":110,"column":2},"end":{"line":121,"column":null}},"27":{"start":{"line":124,"column":0},"end":{"line":124,"column":null}},"28":{"start":{"line":126,"column":24},"end":{"line":140,"column":null}},"29":{"start":{"line":130,"column":32},"end":{"line":130,"column":null}},"30":{"start":{"line":132,"column":2},"end":{"line":138,"column":null}},"31":{"start":{"line":141,"column":0},"end":{"line":141,"column":null}},"32":{"start":{"line":143,"column":20},"end":{"line":164,"column":null}},"33":{"start":{"line":147,"column":35},"end":{"line":147,"column":null}},"34":{"start":{"line":148,"column":15},"end":{"line":148,"column":null}},"35":{"start":{"line":150,"column":2},"end":{"line":152,"column":null}},"36":{"start":{"line":151,"column":4},"end":{"line":151,"column":null}},"37":{"start":{"line":154,"column":2},"end":{"line":162,"column":null}},"38":{"start":{"line":165,"column":0},"end":{"line":165,"column":null}}},"fnMap":{"0":{"name":"(anonymous_0)","decl":{"start":{"line":27,"column":18},"end":{"line":27,"column":null}},"loc":{"start":{"line":32,"column":44},"end":{"line":38,"column":null}},"line":32},"1":{"name":"(anonymous_1)","decl":{"start":{"line":40,"column":21},"end":{"line":40,"column":27}},"loc":{"start":{"line":40,"column":27},"end":{"line":65,"column":null}},"line":40},"2":{"name":"(anonymous_2)","decl":{"start":{"line":76,"column":2},"end":{"line":76,"column":3}},"loc":{"start":{"line":76,"column":36},"end":{"line":84,"column":1}},"line":76},"3":{"name":"(anonymous_3)","decl":{"start":{"line":90,"column":2},"end":{"line":90,"column":3}},"loc":{"start":{"line":90,"column":36},"end":{"line":101,"column":1}},"line":90},"4":{"name":"(anonymous_4)","decl":{"start":{"line":107,"column":2},"end":{"line":107,"column":3}},"loc":{"start":{"line":107,"column":25},"end":{"line":123,"column":1}},"line":107},"5":{"name":"(anonymous_5)","decl":{"start":{"line":129,"column":2},"end":{"line":129,"column":3}},"loc":{"start":{"line":129,"column":36},"end":{"line":140,"column":1}},"line":129},"6":{"name":"(anonymous_6)","decl":{"start":{"line":146,"column":2},"end":{"line":146,"column":3}},"loc":{"start":{"line":146,"column":46},"end":{"line":164,"column":1}},"line":146}},"branchMap":{"0":{"loc":{"start":{"line":45,"column":2},"end":{"line":47,"column":null}},"type":"if","locations":[{"start":{"line":45,"column":2},"end":{"line":47,"column":null}},{"start":{},"end":{}}],"line":45},"1":{"loc":{"start":{"line":49,"column":2},"end":{"line":51,"column":null}},"type":"if","locations":[{"start":{"line":49,"column":2},"end":{"line":51,"column":null}},{"start":{},"end":{}}],"line":49},"2":{"loc":{"start":{"line":96,"column":20},"end":{"line":96,"column":49}},"type":"binary-expr","locations":[{"start":{"line":96,"column":20},"end":{"line":96,"column":29}},{"start":{"line":96,"column":29},"end":{"line":96,"column":49}}],"line":96},"3":{"loc":{"start":{"line":115,"column":8},"end":{"line":117,"column":null}},"type":"cond-expr","locations":[{"start":{"line":116,"column":12},"end":{"line":116,"column":null}},{"start":{"line":117,"column":12},"end":{"line":117,"column":null}}],"line":115},"4":{"loc":{"start":{"line":148,"column":15},"end":{"line":148,"column":null}},"type":"cond-expr","locations":[{"start":{"line":148,"column":23},"end":{"line":148,"column":54}},{"start":{"line":148,"column":54},"end":{"line":148,"column":null}}],"line":148},"5":{"loc":{"start":{"line":148,"column":30},"end":{"line":148,"column":50}},"type":"binary-expr","locations":[{"start":{"line":148,"column":30},"end":{"line":148,"column":48}},{"start":{"line":148,"column":48},"end":{"line":148,"column":50}}],"line":148},"6":{"loc":{"start":{"line":150,"column":2},"end":{"line":152,"column":null}},"type":"if","locations":[{"start":{"line":150,"column":2},"end":{"line":152,"column":null}},{"start":{},"end":{}}],"line":150}},"s":{"0":2,"1":2,"2":2,"3":580,"4":2,"5":1623,"6":1623,"7":1623,"8":1623,"9":0,"10":1623,"11":0,"12":1623,"13":1623,"14":1623,"15":2,"16":2,"17":584,"18":584,"19":2,"20":2,"21":584,"22":584,"23":2,"24":2,"25":559,"26":559,"27":2,"28":2,"29":0,"30":0,"31":2,"32":2,"33":480,"34":480,"35":480,"36":445,"37":35,"38":2},"f":{"0":580,"1":1623,"2":584,"3":584,"4":559,"5":0,"6":480},"b":{"0":[0,1623],"1":[0,1623],"2":[584,35],"3":[526,33],"4":[35,445],"5":[35,0],"6":[445,35]},"meta":{"lastBranch":7,"lastFunction":7,"lastStatement":39,"seen":{"s:16:13:16:Infinity":0,"s:25:25:25:Infinity":1,"s:27:18:38:Infinity":2,"f:27:18:27:Infinity":0,"s:33:2:36:Infinity":3,"s:40:21:65:Infinity":4,"f:40:21:40:27":1,"s:41:23:41:Infinity":5,"s:42:22:42:Infinity":6,"s:43:35:43:Infinity":7,"b:45:2:47:Infinity:undefined:undefined:undefined:undefined":0,"s:45:2:47:Infinity":8,"s:46:4:46:Infinity":9,"b:49:2:51:Infinity:undefined:undefined:undefined:undefined":1,"s:49:2:51:Infinity":10,"s:50:4:50:Infinity":11,"s:53:21:53:Infinity":12,"s:55:17:55:Infinity":13,"s:57:2:64:Infinity":14,"s:71:24:71:Infinity":15,"s:73:17:84:Infinity":16,"f:76:2:76:3":2,"s:77:13:77:Infinity":17,"s:79:2:82:Infinity":18,"s:85:0:85:Infinity":19,"s:87:18:101:Infinity":20,"f:90:2:90:3":3,"s:91:32:91:Infinity":21,"s:93:2:99:Infinity":22,"b:96:20:96:29:96:29:96:49":2,"s:102:0:102:Infinity":23,"s:104:20:123:Infinity":24,"f:107:2:107:3":4,"s:108:66:108:Infinity":25,"s:110:2:121:Infinity":26,"b:116:12:116:Infinity:117:12:117:Infinity":3,"s:124:0:124:Infinity":27,"s:126:24:140:Infinity":28,"f:129:2:129:3":5,"s:130:32:130:Infinity":29,"s:132:2:138:Infinity":30,"s:141:0:141:Infinity":31,"s:143:20:164:Infinity":32,"f:146:2:146:3":6,"s:147:35:147:Infinity":33,"s:148:15:148:Infinity":34,"b:148:23:148:54:148:54:148:Infinity":4,"b:148:30:148:48:148:48:148:50":5,"b:150:2:152:Infinity:undefined:undefined:undefined:undefined":6,"s:150:2:152:Infinity":35,"s:151:4:151:Infinity":36,"s:154:2:162:Infinity":37,"s:165:0:165:Infinity":38}}}
,"D:\\AOA_PRACTICE\\AOA_Practice\\p_frontend\\src\\components\\ui\\input.tsx": {"path":"D:\\AOA_PRACTICE\\AOA_Practice\\p_frontend\\src\\components\\ui\\input.tsx","statementMap":{"0":{"start":{"line":5,"column":14},"end":{"line":19,"column":null}},"1":{"start":{"line":7,"column":4},"end":{"line":16,"column":null}},"2":{"start":{"line":20,"column":0},"end":{"line":20,"column":null}}},"fnMap":{"0":{"name":"(anonymous_0)","decl":{"start":{"line":6,"column":2},"end":{"line":6,"column":3}},"loc":{"start":{"line":6,"column":42},"end":{"line":18,"column":null}},"line":6}},"branchMap":{},"s":{"0":2,"1":254,"2":2},"f":{"0":254},"b":{},"meta":{"lastBranch":0,"lastFunction":1,"lastStatement":3,"seen":{"s:5:14:19:Infinity":0,"f:6:2:6:3":0,"s:7:4:16:Infinity":1,"s:20:0:20:Infinity":2}}}
,"D:\\AOA_PRACTICE\\AOA_Practice\\p_frontend\\src\\components\\ui\\label.tsx": {"path":"D:\\AOA_PRACTICE\\AOA_Practice\\p_frontend\\src\\components\\ui\\label.tsx","statementMap":{"0":{"start":{"line":7,"column":6},"end":{"line":9,"column":null}},"1":{"start":{"line":11,"column":14},"end":{"line":21,"column":null}},"2":{"start":{"line":16,"column":2},"end":{"line":20,"column":null}},"3":{"start":{"line":22,"column":0},"end":{"line":22,"column":null}}},"fnMap":{"0":{"name":"(anonymous_0)","decl":{"start":{"line":15,"column":2},"end":{"line":15,"column":3}},"loc":{"start":{"line":16,"column":2},"end":{"line":20,"column":null}},"line":16}},"branchMap":{},"s":{"0":2,"1":2,"2":584,"3":2},"f":{"0":584},"b":{},"meta":{"lastBranch":0,"lastFunction":1,"lastStatement":4,"seen":{"s:7:6:9:Infinity":0,"s:11:14:21:Infinity":1,"f:15:2:15:3":0,"s:16:2:20:Infinity":2,"s:22:0:22:Infinity":3}}}
,"D:\\AOA_PRACTICE\\AOA_Practice\\p_frontend\\src\\components\\ui\\popover.tsx": {"path":"D:\\AOA_PRACTICE\\AOA_Practice\\p_frontend\\src\\components\\ui\\popover.tsx","statementMap":{"0":{"start":{"line":8,"column":16},"end":{"line":8,"column":null}},"1":{"start":{"line":10,"column":23},"end":{"line":10,"column":null}},"2":{"start":{"line":12,"column":22},"end":{"line":12,"column":null}},"3":{"start":{"line":14,"column":23},"end":{"line":30,"column":null}},"4":{"start":{"line":18,"column":2},"end":{"line":29,"column":null}},"5":{"start":{"line":31,"column":0},"end":{"line":31,"column":null}}},"fnMap":{"0":{"name":"(anonymous_0)","decl":{"start":{"line":17,"column":2},"end":{"line":17,"column":3}},"loc":{"start":{"line":18,"column":2},"end":{"line":29,"column":null}},"line":18}},"branchMap":{"0":{"loc":{"start":{"line":17,"column":16},"end":{"line":17,"column":34}},"type":"default-arg","locations":[{"start":{"line":17,"column":24},"end":{"line":17,"column":34}}],"line":17},"1":{"loc":{"start":{"line":17,"column":34},"end":{"line":17,"column":50}},"type":"default-arg","locations":[{"start":{"line":17,"column":47},"end":{"line":17,"column":50}}],"line":17}},"s":{"0":2,"1":2,"2":2,"3":2,"4":81,"5":2},"f":{"0":81},"b":{"0":[81],"1":[81]},"meta":{"lastBranch":2,"lastFunction":1,"lastStatement":6,"seen":{"s:8:16:8:Infinity":0,"s:10:23:10:Infinity":1,"s:12:22:12:Infinity":2,"s:14:23:30:Infinity":3,"f:17:2:17:3":0,"s:18:2:29:Infinity":4,"b:17:24:17:34":0,"b:17:47:17:50":1,"s:31:0:31:Infinity":5}}}
,"D:\\AOA_PRACTICE\\AOA_Practice\\p_frontend\\src\\components\\ui\\select.tsx": {"path":"D:\\AOA_PRACTICE\\AOA_Practice\\p_frontend\\src\\components\\ui\\select.tsx","statementMap":{"0":{"start":{"line":7,"column":15},"end":{"line":7,"column":null}},"1":{"start":{"line":9,"column":20},"end":{"line":9,"column":null}},"2":{"start":{"line":11,"column":20},"end":{"line":11,"column":null}},"3":{"start":{"line":13,"column":22},"end":{"line":30,"column":null}},"4":{"start":{"line":17,"column":2},"end":{"line":29,"column":null}},"5":{"start":{"line":31,"column":0},"end":{"line":31,"column":null}},"6":{"start":{"line":33,"column":29},"end":{"line":47,"column":null}},"7":{"start":{"line":37,"column":2},"end":{"line":46,"column":null}},"8":{"start":{"line":48,"column":0},"end":{"line":48,"column":null}},"9":{"start":{"line":50,"column":31},"end":{"line":64,"column":null}},"10":{"start":{"line":54,"column":2},"end":{"line":63,"column":null}},"11":{"start":{"line":65,"column":0},"end":{"line":66,"column":null}},"12":{"start":{"line":68,"column":22},"end":{"line":97,"column":null}},"13":{"start":{"line":72,"column":2},"end":{"line":96,"column":null}},"14":{"start":{"line":98,"column":0},"end":{"line":98,"column":null}},"15":{"start":{"line":100,"column":20},"end":{"line":109,"column":null}},"16":{"start":{"line":104,"column":2},"end":{"line":108,"column":null}},"17":{"start":{"line":110,"column":0},"end":{"line":110,"column":null}},"18":{"start":{"line":112,"column":19},"end":{"line":131,"column":null}},"19":{"start":{"line":116,"column":2},"end":{"line":130,"column":null}},"20":{"start":{"line":132,"column":0},"end":{"line":132,"column":null}},"21":{"start":{"line":134,"column":24},"end":{"line":143,"column":null}},"22":{"start":{"line":138,"column":2},"end":{"line":142,"column":null}},"23":{"start":{"line":144,"column":0},"end":{"line":144,"column":null}}},"fnMap":{"0":{"name":"(anonymous_0)","decl":{"start":{"line":16,"column":2},"end":{"line":16,"column":3}},"loc":{"start":{"line":17,"column":2},"end":{"line":29,"column":null}},"line":17},"1":{"name":"(anonymous_1)","decl":{"start":{"line":36,"column":2},"end":{"line":36,"column":3}},"loc":{"start":{"line":37,"column":2},"end":{"line":46,"column":null}},"line":37},"2":{"name":"(anonymous_2)","decl":{"start":{"line":53,"column":2},"end":{"line":53,"column":3}},"loc":{"start":{"line":54,"column":2},"end":{"line":63,"column":null}},"line":54},"3":{"name":"(anonymous_3)","decl":{"start":{"line":71,"column":2},"end":{"line":71,"column":3}},"loc":{"start":{"line":72,"column":2},"end":{"line":96,"column":null}},"line":72},"4":{"name":"(anonymous_4)","decl":{"start":{"line":103,"column":2},"end":{"line":103,"column":3}},"loc":{"start":{"line":104,"column":2},"end":{"line":108,"column":null}},"line":104},"5":{"name":"(anonymous_5)","decl":{"start":{"line":115,"column":2},"end":{"line":115,"column":3}},"loc":{"start":{"line":116,"column":2},"end":{"line":130,"column":null}},"line":116},"6":{"name":"(anonymous_6)","decl":{"start":{"line":137,"column":2},"end":{"line":137,"column":3}},"loc":{"start":{"line":138,"column":2},"end":{"line":142,"column":null}},"line":138}},"branchMap":{"0":{"loc":{"start":{"line":71,"column":26},"end":{"line":71,"column":47}},"type":"default-arg","locations":[{"start":{"line":71,"column":37},"end":{"line":71,"column":47}}],"line":71},"1":{"loc":{"start":{"line":77,"column":8},"end":{"line":78,"column":null}},"type":"binary-expr","locations":[{"start":{"line":77,"column":8},"end":{"line":77,"column":null}},{"start":{"line":78,"column":10},"end":{"line":78,"column":null}}],"line":77},"2":{"loc":{"start":{"line":88,"column":10},"end":{"line":89,"column":null}},"type":"binary-expr","locations":[{"start":{"line":88,"column":10},"end":{"line":88,"column":null}},{"start":{"line":89,"column":12},"end":{"line":89,"column":null}}],"line":88}},"s":{"0":2,"1":2,"2":2,"3":2,"4":201,"5":2,"6":2,"7":162,"8":2,"9":2,"10":162,"11":2,"12":2,"13":201,"14":2,"15":2,"16":0,"17":2,"18":2,"19":258,"20":2,"21":2,"22":0,"23":2},"f":{"0":201,"1":162,"2":162,"3":201,"4":0,"5":258,"6":0},"b":{"0":[201],"1":[201,201],"2":[201,201]},"meta":{"lastBranch":3,"lastFunction":7,"lastStatement":24,"seen":{"s:7:15:7:Infinity":0,"s:9:20:9:Infinity":1,"s:11:20:11:Infinity":2,"s:13:22:30:Infinity":3,"f:16:2:16:3":0,"s:17:2:29:Infinity":4,"s:31:0:31:Infinity":5,"s:33:29:47:Infinity":6,"f:36:2:36:3":1,"s:37:2:46:Infinity":7,"s:48:0:48:Infinity":8,"s:50:31:64:Infinity":9,"f:53:2:53:3":2,"s:54:2:63:Infinity":10,"s:65:0:66:Infinity":11,"s:68:22:97:Infinity":12,"f:71:2:71:3":3,"s:72:2:96:Infinity":13,"b:71:37:71:47":0,"b:77:8:77:Infinity:78:10:78:Infinity":1,"b:88:10:88:Infinity:89:12:89:Infinity":2,"s:98:0:98:Infinity":14,"s:100:20:109:Infinity":15,"f:103:2:103:3":4,"s:104:2:108:Infinity":16,"s:110:0:110:Infinity":17,"s:112:19:131:Infinity":18,"f:115:2:115:3":5,"s:116:2:130:Infinity":19,"s:132:0:132:Infinity":20,"s:134:24:143:Infinity":21,"f:137:2:137:3":6,"s:138:2:142:Infinity":22,"s:144:0:144:Infinity":23}}}
,"D:\\AOA_PRACTICE\\AOA_Practice\\p_frontend\\src\\components\\ui\\sheet.tsx": {"path":"D:\\AOA_PRACTICE\\AOA_Practice\\p_frontend\\src\\components\\ui\\sheet.tsx","statementMap":{"0":{"start":{"line":10,"column":14},"end":{"line":10,"column":null}},"1":{"start":{"line":12,"column":21},"end":{"line":12,"column":null}},"2":{"start":{"line":14,"column":19},"end":{"line":14,"column":null}},"3":{"start":{"line":16,"column":20},"end":{"line":16,"column":null}},"4":{"start":{"line":18,"column":21},"end":{"line":30,"column":null}},"5":{"start":{"line":22,"column":2},"end":{"line":29,"column":null}},"6":{"start":{"line":31,"column":0},"end":{"line":31,"column":null}},"7":{"start":{"line":33,"column":6},"end":{"line":50,"column":null}},"8":{"start":{"line":56,"column":21},"end":{"line":74,"column":null}},"9":{"start":{"line":60,"column":2},"end":{"line":73,"column":null}},"10":{"start":{"line":75,"column":0},"end":{"line":75,"column":null}},"11":{"start":{"line":77,"column":20},"end":{"line":87,"column":null}},"12":{"start":{"line":81,"column":2},"end":{"line":87,"column":null}},"13":{"start":{"line":89,"column":0},"end":{"line":89,"column":null}},"14":{"start":{"line":91,"column":20},"end":{"line":101,"column":null}},"15":{"start":{"line":95,"column":2},"end":{"line":101,"column":null}},"16":{"start":{"line":103,"column":0},"end":{"line":103,"column":null}},"17":{"start":{"line":105,"column":19},"end":{"line":114,"column":null}},"18":{"start":{"line":109,"column":2},"end":{"line":113,"column":null}},"19":{"start":{"line":115,"column":0},"end":{"line":115,"column":null}},"20":{"start":{"line":117,"column":25},"end":{"line":126,"column":null}},"21":{"start":{"line":121,"column":2},"end":{"line":125,"column":null}},"22":{"start":{"line":127,"column":0},"end":{"line":127,"column":null}}},"fnMap":{"0":{"name":"(anonymous_0)","decl":{"start":{"line":21,"column":2},"end":{"line":21,"column":3}},"loc":{"start":{"line":22,"column":2},"end":{"line":29,"column":null}},"line":22},"1":{"name":"(anonymous_1)","decl":{"start":{"line":59,"column":2},"end":{"line":59,"column":3}},"loc":{"start":{"line":60,"column":2},"end":{"line":73,"column":null}},"line":60},"2":{"name":"(anonymous_2)","decl":{"start":{"line":77,"column":20},"end":{"line":77,"column":21}},"loc":{"start":{"line":81,"column":2},"end":{"line":87,"column":null}},"line":81},"3":{"name":"(anonymous_3)","decl":{"start":{"line":91,"column":20},"end":{"line":91,"column":21}},"loc":{"start":{"line":95,"column":2},"end":{"line":101,"column":null}},"line":95},"4":{"name":"(anonymous_4)","decl":{"start":{"line":108,"column":2},"end":{"line":108,"column":3}},"loc":{"start":{"line":109,"column":2},"end":{"line":113,"column":null}},"line":109},"5":{"name":"(anonymous_5)","decl":{"start":{"line":120,"column":2},"end":{"line":120,"column":3}},"loc":{"start":{"line":121,"column":2},"end":{"line":125,"column":null}},"line":121}},"branchMap":{"0":{"loc":{"start":{"line":59,"column":5},"end":{"line":59,"column":21}},"type":"default-arg","locations":[{"start":{"line":59,"column":12},"end":{"line":59,"column":21}}],"line":59}},"s":{"0":2,"1":2,"2":2,"3":2,"4":2,"5":14,"6":2,"7":2,"8":2,"9":44,"10":2,"11":2,"12":4,"13":2,"14":2,"15":0,"16":2,"17":2,"18":4,"19":2,"20":2,"21":0,"22":2},"f":{"0":14,"1":44,"2":4,"3":0,"4":4,"5":0},"b":{"0":[44]},"meta":{"lastBranch":1,"lastFunction":6,"lastStatement":23,"seen":{"s:10:14:10:Infinity":0,"s:12:21:12:Infinity":1,"s:14:19:14:Infinity":2,"s:16:20:16:Infinity":3,"s:18:21:30:Infinity":4,"f:21:2:21:3":0,"s:22:2:29:Infinity":5,"s:31:0:31:Infinity":6,"s:33:6:50:Infinity":7,"s:56:21:74:Infinity":8,"f:59:2:59:3":1,"s:60:2:73:Infinity":9,"b:59:12:59:21":0,"s:75:0:75:Infinity":10,"s:77:20:87:Infinity":11,"f:77:20:77:21":2,"s:81:2:87:Infinity":12,"s:89:0:89:Infinity":13,"s:91:20:101:Infinity":14,"f:91:20:91:21":3,"s:95:2:101:Infinity":15,"s:103:0:103:Infinity":16,"s:105:19:114:Infinity":17,"f:108:2:108:3":4,"s:109:2:113:Infinity":18,"s:115:0:115:Infinity":19,"s:117:25:126:Infinity":20,"f:120:2:120:3":5,"s:121:2:125:Infinity":21,"s:127:0:127:Infinity":22}}}
,"D:\\AOA_PRACTICE\\AOA_Practice\\p_frontend\\src\\components\\ui\\skeleton.tsx": {"path":"D:\\AOA_PRACTICE\\AOA_Practice\\p_frontend\\src\\components\\ui\\skeleton.tsx","statementMap":{"0":{"start":{"line":7,"column":2},"end":{"line":11,"column":null}}},"fnMap":{"0":{"name":"Skeleton","decl":{"start":{"line":3,"column":9},"end":{"line":3,"column":18}},"loc":{"start":{"line":6,"column":41},"end":{"line":13,"column":null}},"line":6}},"branchMap":{},"s":{"0":180},"f":{"0":180},"b":{},"meta":{"lastBranch":0,"lastFunction":1,"lastStatement":1,"seen":{"f:3:9:3:18":0,"s:7:2:11:Infinity":0}}}
,"D:\\AOA_PRACTICE\\AOA_Practice\\p_frontend\\src\\components\\ui\\textarea.tsx": {"path":"D:\\AOA_PRACTICE\\AOA_Practice\\p_frontend\\src\\components\\ui\\textarea.tsx","statementMap":{"0":{"start":{"line":5,"column":17},"end":{"line":19,"column":null}},"1":{"start":{"line":9,"column":2},"end":{"line":17,"column":null}},"2":{"start":{"line":20,"column":0},"end":{"line":20,"column":null}}},"fnMap":{"0":{"name":"(anonymous_0)","decl":{"start":{"line":8,"column":2},"end":{"line":8,"column":3}},"loc":{"start":{"line":8,"column":36},"end":{"line":19,"column":1}},"line":8}},"branchMap":{},"s":{"0":1,"1":23,"2":1},"f":{"0":23},"b":{},"meta":{"lastBranch":0,"lastFunction":1,"lastStatement":3,"seen":{"s:5:17:19:Infinity":0,"f:8:2:8:3":0,"s:9:2:17:Infinity":1,"s:20:0:20:Infinity":2}}}
,"D:\\AOA_PRACTICE\\AOA_Practice\\p_frontend\\src\\lib\\utils.ts": {"path":"D:\\AOA_PRACTICE\\AOA_Practice\\p_frontend\\src\\lib\\utils.ts","statementMap":{"0":{"start":{"line":5,"column":2},"end":{"line":5,"column":null}}},"fnMap":{"0":{"name":"cn","decl":{"start":{"line":4,"column":16},"end":{"line":4,"column":22}},"loc":{"start":{"line":4,"column":44},"end":{"line":6,"column":null}},"line":4}},"branchMap":{},"s":{"0":3813},"f":{"0":3813},"b":{},"meta":{"lastBranch":0,"lastFunction":1,"lastStatement":1,"seen":{"f:4:16:4:22":0,"s:5:2:5:Infinity":0}}}
,"D:\\AOA_PRACTICE\\AOA_Practice\\p_frontend\\src\\pages\\DefaultSkeleton.tsx": {"path":"D:\\AOA_PRACTICE\\AOA_Practice\\p_frontend\\src\\pages\\DefaultSkeleton.tsx","statementMap":{"0":{"start":{"line":4,"column":2},"end":{"line":11,"column":null}}},"fnMap":{"0":{"name":"DefaultSkeleton","decl":{"start":{"line":3,"column":24},"end":{"line":3,"column":42}},"loc":{"start":{"line":3,"column":42},"end":{"line":13,"column":null}},"line":3}},"branchMap":{},"s":{"0":60},"f":{"0":60},"b":{},"meta":{"lastBranch":0,"lastFunction":1,"lastStatement":1,"seen":{"f:3:24:3:42":0,"s:4:2:11:Infinity":0}}}
,"D:\\AOA_PRACTICE\\AOA_Practice\\p_frontend\\src\\pages\\Login.tsx": {"path":"D:\\AOA_PRACTICE\\AOA_Practice\\p_frontend\\src\\pages\\Login.tsx","statementMap":{"0":{"start":{"line":7,"column":24},"end":{"line":253,"column":null}},"1":{"start":{"line":8,"column":22},"end":{"line":8,"column":null}},"2":{"start":{"line":9,"column":24},"end":{"line":9,"column":null}},"3":{"start":{"line":10,"column":30},"end":{"line":10,"column":null}},"4":{"start":{"line":11,"column":44},"end":{"line":11,"column":null}},"5":{"start":{"line":13,"column":24},"end":{"line":13,"column":null}},"6":{"start":{"line":14,"column":24},"end":{"line":14,"column":null}},"7":{"start":{"line":15,"column":28},"end":{"line":15,"column":null}},"8":{"start":{"line":17,"column":8},"end":{"line":17,"column":null}},"9":{"start":{"line":19,"column":4},"end":{"line":22,"column":null}},"10":{"start":{"line":24,"column":22},"end":{"line":57,"column":null}},"11":{"start":{"line":25,"column":4},"end":{"line":25,"column":null}},"12":{"start":{"line":26,"column":4},"end":{"line":26,"column":null}},"13":{"start":{"line":28,"column":4},"end":{"line":56,"column":null}},"14":{"start":{"line":29,"column":18},"end":{"line":33,"column":null}},"15":{"start":{"line":35,"column":19},"end":{"line":35,"column":null}},"16":{"start":{"line":37,"column":6},"end":{"line":37,"column":null}},"17":{"start":{"line":37,"column":19},"end":{"line":37,"column":null}},"18":{"start":{"line":39,"column":6},"end":{"line":41,"column":null}},"19":{"start":{"line":40,"column":8},"end":{"line":40,"column":null}},"20":{"start":{"line":43,"column":6},"end":{"line":43,"column":null}},"21":{"start":{"line":44,"column":6},"end":{"line":44,"column":null}},"22":{"start":{"line":45,"column":6},"end":{"line":45,"column":null}},"23":{"start":{"line":47,"column":6},"end":{"line":47,"column":null}},"24":{"start":{"line":49,"column":6},"end":{"line":51,"column":null}},"25":{"start":{"line":50,"column":8},"end":{"line":50,"column":null}},"26":{"start":{"line":53,"column":6},"end":{"line":53,"column":null}},"27":{"start":{"line":55,"column":6},"end":{"line":55,"column":null}},"28":{"start":{"line":60,"column":23},"end":{"line":79,"column":null}},"29":{"start":{"line":61,"column":4},"end":{"line":61,"column":null}},"30":{"start":{"line":62,"column":4},"end":{"line":62,"column":null}},"31":{"start":{"line":64,"column":16},"end":{"line":68,"column":null}},"32":{"start":{"line":70,"column":17},"end":{"line":70,"column":null}},"33":{"start":{"line":73,"column":4},"end":{"line":78,"column":null}},"34":{"start":{"line":74,"column":6},"end":{"line":74,"column":null}},"35":{"start":{"line":75,"column":6},"end":{"line":75,"column":null}},"36":{"start":{"line":77,"column":6},"end":{"line":77,"column":null}},"37":{"start":{"line":82,"column":22},"end":{"line":117,"column":null}},"38":{"start":{"line":83,"column":4},"end":{"line":83,"column":null}},"39":{"start":{"line":83,"column":16},"end":{"line":83,"column":null}},"40":{"start":{"line":85,"column":4},"end":{"line":85,"column":null}},"41":{"start":{"line":86,"column":4},"end":{"line":89,"column":null}},"42":{"start":{"line":87,"column":6},"end":{"line":87,"column":null}},"43":{"start":{"line":88,"column":6},"end":{"line":88,"column":null}},"44":{"start":{"line":91,"column":4},"end":{"line":94,"column":null}},"45":{"start":{"line":92,"column":6},"end":{"line":92,"column":null}},"46":{"start":{"line":93,"column":6},"end":{"line":93,"column":null}},"47":{"start":{"line":96,"column":16},"end":{"line":103,"column":null}},"48":{"start":{"line":105,"column":17},"
[...]
finity":12,"s:28:4:56:Infinity":13,"s:29:18:33:Infinity":14,"b:29:33:29:65:29:65:29:88":1,"s:35:19:35:Infinity":15,"b:37:6:37:Infinity:undefined:undefined:undefined:undefined":2,"s:37:6:37:Infinity":16,"s:37:19:37:Infinity":17,"b:39:6:41:Infinity:undefined:undefined:undefined:undefined":3,"s:39:6:41:Infinity":18,"b:39:10:39:50:39:50:39:91":4,"s:40:8:40:Infinity":19,"s:43:6:43:Infinity":20,"s:44:6:44:Infinity":21,"s:45:6:45:Infinity":22,"s:47:6:47:Infinity":23,"b:49:6:51:Infinity:undefined:undefined:undefined:undefined":5,"s:49:6:51:Infinity":24,"s:50:8:50:Infinity":25,"s:53:6:53:Infinity":26,"s:55:6:55:Infinity":27,"b:55:15:55:30:55:30:55:44":6,"s:60:23:79:Infinity":28,"f:60:23:60:35":2,"s:61:4:61:Infinity":29,"s:62:4:62:Infinity":30,"s:64:16:68:Infinity":31,"b:64:31:64:63:64:63:64:86":7,"s:70:17:70:Infinity":32,"b:73:4:78:Infinity:76:11:78:Infinity":8,"s:73:4:78:Infinity":33,"s:74:6:74:Infinity":34,"s:75:6:75:Infinity":35,"s:77:6:77:Infinity":36,"s:82:22:117:Infinity":37,"f:82:22:82:34":3,"b:83:4:83:Infinity:undefined:undefined:undefined:undefined":9,"s:83:4:83:Infinity":38,"s:83:16:83:Infinity":39,"s:85:4:85:Infinity":40,"b:86:4:89:Infinity:undefined:undefined:undefined:undefined":10,"s:86:4:89:Infinity":41,"s:87:6:87:Infinity":42,"s:88:6:88:Infinity":43,"b:91:4:94:Infinity:undefined:undefined:undefined:undefined":11,"s:91:4:94:Infinity":44,"s:92:6:92:Infinity":45,"s:93:6:93:Infinity":46,"s:96:16:103:Infinity":47,"b:96:31:96:63:96:63:96:86":12,"s:105:17:105:Infinity":48,"b:107:4:110:Infinity:undefined:undefined:undefined:undefined":13,"s:107:4:110:Infinity":49,"s:108:6:108:Infinity":50,"s:109:6:109:Infinity":51,"s:112:4:112:Infinity":52,"s:113:4:113:Infinity":53,"s:114:4:114:Infinity":54,"s:115:4:115:Infinity":55,"s:116:4:116:Infinity":56,"s:119:2:251:Infinity":57,"b:135:13:135:33:135:33:135:Infinity":14,"b:136:13:136:34:136:34:136:Infinity":15,"b:137:13:137:33:137:33:137:Infinity":16,"b:141:13:141:33:141:33:141:Infinity":17,"b:142:13:142:34:142:34:142:Infinity":18,"b:146:11:146:20:146:20:146:Infinity":19,"b:147:11:147:22:147:22:147:Infinity":20,"b:150:11:150:Infinity:151:12:183:Infinity":21,"f:156:26:156:27":4,"s:156:33:156:Infinity":58,"f:165:26:165:27":5,"s:165:33:165:Infinity":59,"f:177:27:177:33":6,"s:177:33:177:Infinity":60,"b:187:11:187:Infinity:188:12:213:Infinity":22,"f:193:26:193:27":7,"s:193:33:193:Infinity":61,"f:205:25:205:31":8,"s:205:31:205:Infinity":62,"b:215:11:215:Infinity:216:12:247:Infinity":23,"f:221:26:221:27":9,"s:221:33:221:Infinity":63,"b:223:30:223:49:223:49:223:66":24,"f:230:26:230:27":10,"s:230:33:230:Infinity":64,"b:232:30:232:49:232:49:232:66":25,"b:235:15:235:Infinity:236:16:236:Infinity":26,"b:243:38:243:73:243:73:243:85":27}}}
,"D:\\AOA_PRACTICE\\AOA_Practice\\p_frontend\\src\\pages\\Navbar.tsx": {"path":"D:\\AOA_PRACTICE\\AOA_Practice\\p_frontend\\src\\pages\\Navbar.tsx","statementMap":{"0":{"start":{"line":7,"column":22},"end":{"line":7,"column":null}},"1":{"start":{"line":8,"column":8},"end":{"line":8,"column":null}},"2":{"start":{"line":9,"column":8},"end":{"line":9,"column":null}},"3":{"start":{"line":11,"column":23},"end":{"line":14,"column":null}},"4":{"start":{"line":12,"column":4},"end":{"line":12,"column":null}},"5":{"start":{"line":13,"column":4},"end":{"line":13,"column":null}},"6":{"start":{"line":16,"column":2},"end":{"line":30,"column":null}},"7":{"start":{"line":17,"column":31},"end":{"line":24,"column":null}},"8":{"start":{"line":18,"column":6},"end":{"line":23,"column":null}},"9":{"start":{"line":22,"column":8},"end":{"line":22,"column":null}},"10":{"start":{"line":26,"column":4},"end":{"line":26,"column":null}},"11":{"start":{"line":27,"column":4},"end":{"line":29,"column":null}},"12":{"start":{"line":28,"column":6},"end":{"line":28,"column":null}},"13":{"start":{"line":32,"column":2},"end":{"line":66,"column":null}},"14":{"start":{"line":42,"column":25},"end":{"line":42,"column":null}},"15":{"start":{"line":42,"column":43},"end":{"line":42,"column":48}}},"fnMap":{"0":{"name":"Navbar","decl":{"start":{"line":6,"column":24},"end":{"line":6,"column":33}},"loc":{"start":{"line":6,"column":33},"end":{"line":68,"column":null}},"line":6},"1":{"name":"(anonymous_1)","decl":{"start":{"line":11,"column":23},"end":{"line":11,"column":29}},"loc":{"start":{"line":11,"column":29},"end":{"line":14,"column":null}},"line":11},"2":{"name":"(anonymous_2)","decl":{"start":{"line":16,"column":12},"end":{"line":16,"column":18}},"loc":{"start":{"line":16,"column":18},"end":{"line":30,"column":5}},"line":16},"3":{"name":"(anonymous_3)","decl":{"start":{"line":17,"column":31},"end":{"line":17,"column":32}},"loc":{"start":{"line":17,"column":54},"end":{"line":24,"column":null}},"line":17},"4":{"name":"(anonymous_4)","decl":{"start":{"line":27,"column":11},"end":{"line":27,"column":17}},"loc":{"start":{"line":27,"column":17},"end":{"line":29,"column":null}},"line":27},"5":{"name":"(anonymous_5)","decl":{"start":{"line":42,"column":19},"end":{"line":42,"column":25}},"loc":{"start":{"line":42,"column":25},"end":{"line":42,"column":null}},"line":42},"6":{"name":"(anonymous_6)","decl":{"start":{"line":42,"column":33},"end":{"line":42,"column":34}},"loc":{"start":{"line":42,"column":43},"end":{"line":42,"column":48}},"line":42}},"branchMap":{"0":{"loc":{"start":{"line":18,"column":6},"end":{"line":23,"column":null}},"type":"if","locations":[{"start":{"line":18,"column":6},"end":{"line":23,"column":null}},{"start":{},"end":{}}],"line":18},"1":{"loc":{"start":{"line":19,"column":8},"end":{"line":20,"column":null}},"type":"binary-expr","locations":[{"start":{"line":19,"column":8},"end":{"line":19,"column":null}},{"start":{"line":20,"column":8},"end":{"line":20,"column":null}}],"line":19},"2":{"loc":{"start":{"line":48,"column":9},"end":{"line":63,"column":null}},"type":"binary-expr","locations":[{"start":{"line":48,"column":9},"end":{"line":48,"column":null}},{"start":{"line":49,"column":10},"end":{"line":63,"column":null}}],"line":48}},"s":{"0":14,"1":14,"2":14,"3":14,"4":1,"5":1,"6":14,"7":7,"8":1,"9":1,"10":7,"11":7,"12":7,"13":14,"14":6,"15":6},"f":{"0":14,"1":1,"2":7,"3":1,"4":7,"5":6,"6":6},"b":{"0":[1,0],"1":[1,1],"2":[14,5]},"meta":{"lastBranch":3,"lastFunction":7,"lastStatement":16,"seen":{"f:6:24:6:33":0,"s:7:22:7:Infinity":0,"s:8:8:8:Infinity":1,"s:9:8:9:Infinity":2,"s:11:23:14:Infinity":3,"f:11:23:11:29":1,"s:12:4:12:Infinity":4,"s:13:4:13:Infinity":5,"s:16:2:30:Infinity":6,"f:16:12:16:18":2,"s:17:31:24:Infinity":7,"f:17:31:17:32":3,"b:18:6:23:Infinity:undefined:undefined:undefined:undefined":0,"s:18:6:23:Infinity":8,"b:19:8:19:Infinity:20:8:20:Infinity":1,"s:22:8:22:Infinity":9,"s:26:4:26:Infinity":10,"s:27:4:29:Infinity":11,"f:27:11:27:17":4,"s:28:6:28:Infinity":12,"s:32:2:66:Infinity":13,"f:42:19:42:25":5,"s:42:25:42:Infinity":14,"f:42:33:42:34":6,"s:42:43:42:48":15,"b:48:9:48:Infinity:49:10:63:Infinity":2}}}
,"D:\\AOA_PRACTICE\\AOA_Practice\\p_frontend\\src\\pages\\Patients.tsx": {"path":"D:\\AOA_PRACTICE\\AOA_Practice\\p_frontend\\src\\pages\\Patients.tsx","statementMap":{"0":{"start":{"line":14,"column":26},"end":{"line":14,"column":null}},"1":{"start":{"line":26,"column":30},"end":{"line":26,"column":null}},"2":{"start":{"line":27,"column":44},"end":{"line":27,"column":null}},"3":{"start":{"line":29,"column":42},"end":{"line":29,"column":null}},"4":{"start":{"line":30,"column":36},"end":{"line":30,"column":null}},"5":{"start":{"line":32,"column":42},"end":{"line":32,"column":null}},"6":{"start":{"line":33,"column":42},"end":{"line":33,"column":null}},"7":{"start":{"line":35,"column":28},"end":{"line":35,"column":null}},"8":{"start":{"line":37,"column":2},"end":{"line":39,"column":null}},"9":{"start":{"line":38,"column":4},"end":{"line":38,"column":null}},"10":{"start":{"line":42,"column":4},"end":{"line":54,"column":null}},"11":{"start":{"line":43,"column":6},"end":{"line":43,"column":null}},"12":{"start":{"line":44,"column":19},"end":{"line":44,"column":null}},"13":{"start":{"line":45,"column":6},"end":{"line":51,"column":null}},"14":{"start":{"line":46,"column":30},"end":{"line":50,"column":10}},"15":{"start":{"line":53,"column":6},"end":{"line":53,"column":null}},"16":{"start":{"line":58,"column":4},"end":{"line":58,"column":null}},"17":{"start":{"line":58,"column":26},"end":{"line":58,"column":44}},"18":{"start":{"line":59,"column":4},"end":{"line":59,"column":null}},"19":{"start":{"line":63,"column":4},"end":{"line":63,"column":null}},"20":{"start":{"line":64,"column":4},"end":{"line":64,"column":null}},"21":{"start":{"line":68,"column":4},"end":{"line":68,"column":null}},"22":{"start":{"line":69,"column":4},"end":{"line":69,"column":null}},"23":{"start":{"line":72,"column":2},"end":{"line":153,"column":null}},"24":{"start":{"line":79,"column":25},"end":{"line":79,"column":null}},"25":{"start":{"line":88,"column":12},"end":{"line":88,"column":null}},"26":{"start":{"line":147,"column":33},"end":{"line":147,"column":null}}},"fnMap":{"0":{"name":"Patients","decl":{"start":{"line":25,"column":24},"end":{"line":25,"column":35}},"loc":{"start":{"line":25,"column":35},"end":{"line":155,"column":null}},"line":25},"1":{"name":"(anonymous_1)","decl":{"start":{"line":37,"column":12},"end":{"line":37,"column":18}},"loc":{"start":{"line":37,"column":18},"end":{"line":39,"column":5}},"line":37},"2":{"name":"fetchPatients","decl":{"start":{"line":41,"column":17},"end":{"line":41,"column":33}},"loc":{"start":{"line":41,"column":33},"end":{"line":55,"column":null}},"line":41},"3":{"name":"(anonymous_3)","decl":{"start":{"line":46,"column":17},"end":{"line":46,"column":18}},"loc":{"start":{"line":46,"column":30},"end":{"line":50,"column":10}},"line":46},"4":{"name":"handleCreatePatient","decl":{"start":{"line":57,"column":11},"end":{"line":57,"column":31}},"loc":{"start":{"line":57,"column":49},"end":{"line":60,"column":null}},"line":57},"5":{"name":"(anonymous_5)","decl":{"start":{"line":58,"column":16},"end":{"line":58,"column":17}},"loc":{"start":{"line":58,"column":26},"end":{"line":58,"column":44}},"line":58},"6":{"name":"handleViewPatient","decl":{"start":{"line":62,"column":11},"end":{"line":62,"column":29}},"loc":{"start":{"line":62,"column":47},"end":{"line":65,"column":null}},"line":62},"7":{"name":"handleAddProduct","decl":{"start":{"line":67,"column":11},"end":{"line":67,"column":28}},"loc":{"start":{"line":67,"column":46},"end":{"line":70,"column":null}},"line":67},"8":{"name":"(anonymous_8)","decl":{"start":{"line":79,"column":19},"end":{"line":79,"column":25}},"loc":{"start":{"line":79,"column":25},"end":{"line":79,"column":null}},"line":79},"9":{"name":"(anonymous_9)","decl":{"start":{"line":87,"column":42},"end":{"line":87,"column":43}},"loc":{"start":{"line":88,"column":12},"end":{"line":88,"column":null}},"line":88},"10":{"name":"(anonymous_10)","decl":{"start":{"line":147,"column":27},"end":{"line":147,"column":33}},"loc":{"start":{"line":147,"column":33},"end":{"line":147,"column":null}},"line":147}},"branchMap":{"0":{"loc":{"start":{"line":48,"column":15},"end":{"line":48,"column":null}},"type":"cond-expr","locations":[{"start":{"line":48,"column":23},"end":{"line":48,"column":41}},{"start":{"line":48,"column":41},"end":{"line":48,"column":null}}],"line":48},"1":{"loc":{"start":{"line":85,"column":7},"end":{"line":96,"column":null}},"type":"cond-expr","locations":[{"start":{"line":86,"column":8},"end":{"line":90,"column":null}},{"start":{"line":92,"column":8},"end":{"line":96,"column":null}}],"line":85},"2":{"loc":{"start":{"line":108,"column":13},"end":{"line":108,"column":null}},"type":"binary-expr","locations":[{"start":{"line":108,"column":13},"end":{"line":108,"column":32}},{"start":{"line":108,"column":32},"end":{"line":108,"column":null}}],"line":108},"3":{"loc":{"start":{"line":144,"column":13},"end":{"line":148,"column":null}},"type":"binary-expr","locations":[{"start":{"line":144,"column":13},"end":{"line":144,"column":null}},{"start":{"line":145,"column":14},"end":{"line":148,"column":null}}],"line":144}},"s":{"0":1,"1":14,"2":14,"3":14,"4":14,"5":14,"6":14,"7":14,"8":14,"9":5,"10":5,"11":5,"12":5,"13":5,"14":3,"15":5,"16":0,"17":0,"18":0,"19":1,"20":1,"21":1,"22":1,"23":14,"24":1,"25":70,"26":0},"f":{"0":14,"1":5,"2":5,"3":3,"4":0,"5":0,"6":1,"7":1,"8":1,"9":70,"10":0},"b":{"0":[0,3],"1":[7,7],"2":[14,1],"3":[14,1]},"meta":{"lastBranch":4,"lastFunction":11,"lastStatement":27,"seen":{"s:14:26:14:Infinity":0,"f:25:24:25:35":0,"s:26:30:26:Infinity":1,"s:27:44:27:Infinity":2,"s:29:42:29:Infinity":3,"s:30:36:30:Infinity":4,"s:32:42:32:Infinity":5,"s:33:42:33:Infinity":6,"s:35:28:35:Infinity":7,"s:37:2:39:Infinity":8,"f:37:12:37:18":1,"s:38:4:38:Infinity":9,"f:41:17:41:33":2,"s:42:4:54:Infinity":10,"s:43:6:43:Infinity":11,"s:44:19:44:Infinity":12,"s:45:6:51:Infinity":13,"f:46:17:46:18":3,"s:46:30:50:10":14,"b:48:23:48:41:48:41:48:Infinity":0,"s:53:6:53:Infinity":15,"f:57:11:57:31":4,"s:58:4:58:Infinity":16,"f:58:16:58:17":5,"s:58:26:58:44":17,"s:59:4:59:Infinity":18,"f:62:11:62:29":6,"s:63:4:63:Infinity":19,"s:64:4:64:Infinity":20,"f:67:11:67:28":7,"s:68:4:68:Infinity":21,"s:69:4:69:Infinity":22,"s:72:2:153:Infinity":23,"f:79:19:79:25":8,"s:79:25:79:Infinity":24,"b:86:8:90:Infinity:92:8:96:Infinity":1,"f:87:42:87:43":9,"s:88:12:88:Infinity":25,"b:108:13:108:32:108:32:108:Infinity":2,"b:144:13:144:Infinity:145:14:148:Infinity":3,"f:147:27:147:33":10,"s:147:33:147:Infinity":26}}}
,"D:\\AOA_PRACTICE\\AOA_Practice\\p_frontend\\src\\test\\testUtils.js": {"path":"D:\\AOA_PRACTICE\\AOA_Practice\\p_frontend\\src\\test\\testUtils.js","statementMap":{"0":{"start":{"line":69,"column":2},"end":{"line":72,"column":6}},"1":{"start":{"line":69,"column":41},"end":{"line":72,"column":3}},"2":{"start":{"line":70,"column":26},"end":{"line":70,"column":67}},"3":{"start":{"line":71,"column":29},"end":{"line":71,"column":94}},"4":{"start":{"line":76,"column":2},"end":{"line":79,"column":6}},"5":{"start":{"line":76,"column":43},"end":{"line":79,"column":3}},"6":{"start":{"line":77,"column":29},"end":{"line":77,"column":72}},"7":{"start":{"line":78,"column":31},"end":{"line":78,"column":100}},"8":{"start":{"line":83,"column":2},"end":{"line":86,"column":6}},"9":{"start":{"line":83,"column":41},"end":{"line":86,"column":3}},"10":{"start":{"line":84,"column":38},"end":{"line":84,"column":79}},"11":{"start":{"line":85,"column":29},"end":{"line":85,"column":100}},"12":{"start":{"line":1,"column":0},"end":{"line":1,"column":48}},"13":{"start":{"line":2,"column":0},"end":{"line":2,"column":49}},"14":{"start":{"line":7,"column":2},"end":{"line":7,"column":51}},"15":{"start":{"line":8,"column":2},"end":{"line":8,"column":48}},"16":{"start":{"line":12,"column":32},"end":{"line":65,"column":1}},"17":{"start":{"line":91,"column":2},"end":{"line":97,"column":4}},"18":{"start":{"line":92,"column":4},"end":{"line":96,"column":6}},"19":{"start":{"line":95,"column":18},"end":{"line":95,"column":43}},"20":{"start":{"line":102,"column":2},"end":{"line":102,"column":21}},"21":{"start":{"line":103,"column":2},"end":{"line":103,"column":23}}},"fnMap":{"0":{"name":"(anonymous_0)","decl":{"start":{"line":69,"column":34},"end":{"line":69,"column":35}},"loc":{"start":{"line":69,"column":41},"end":{"line":72,"column":3}},"line":69},"1":{"name":"(anonymous_1)","decl":{"start":{"line":70,"column":20},"end":{"line":70,"column":21}},"loc":{"start":{"line":70,"column":26},"end":{"line":70,"column":67}},"line":70},"2":{"name":"(anonymous_2)","decl":{"start":{"line":71,"column":23},"end":{"line":71,"column":24}},"loc":{"start":{"line":71,"column":29},"end":{"line":71,"column":94}},"line":71},"3":{"name":"(anonymous_3)","decl":{"start":{"line":76,"column":36},"end":{"line":76,"column":37}},"loc":{"start":{"line":76,"column":43},"end":{"line":79,"column":3}},"line":76},"4":{"name":"(anonymous_4)","decl":{"start":{"line":77,"column":23},"end":{"line":77,"column":24}},"loc":{"start":{"line":77,"column":29},"end":{"line":77,"column":72}},"line":77},"5":{"name":"(anonymous_5)","decl":{"start":{"line":78,"column":25},"end":{"line":78,"column":26}},"loc":{"start":{"line":78,"column":31},"end":{"line":78,"column":100}},"line":78},"6":{"name":"(anonymous_6)","decl":{"start":{"line":83,"column":34},"end":{"line":83,"column":35}},"loc":{"start":{"line":83,"column":41},"end":{"line":86,"column":3}},"line":83},"7":{"name":"(anonymous_7)","decl":{"start":{"line":84,"column":32},"end":{"line":84,"column":33}},"loc":{"start":{"line":84,"column":38},"end":{"line":84,"column":79}},"line":84},"8":{"name":"(anonymous_8)","decl":{"start":{"line":85,"column":23},"end":{"line":85,"column":24}},"loc":{"start":{"line":85,"column":29},"end":{"line":85,"column":100}},"line":85},"9":{"name":"renderWithRouter","decl":{"start":{"line":6,"column":16},"end":{"line":6,"column":32}},"loc":{"start":{"line":6,"column":59},"end":{"line":9,"column":1}},"line":6},"10":{"name":"mockStaffApi","decl":{"start":{"line":68,"column":16},"end":{"line":68,"column":28}},"loc":{"start":{"line":68,"column":31},"end":{"line":73,"column":1}},"line":68},"11":{"name":"mockPatientApi","decl":{"start":{"line":75,"column":16},"end":{"line":75,"column":30}},"loc":{"start":{"line":75,"column":33},"end":{"line":80,"column":1}},"line":75},"12":{"name":"mockOrderApi","decl":{"start":{"line":82,"column":16},"end":{"line":82,"column":28}},"loc":{"start":{"line":82,"column":31},"end":{"line":87,"column":1}},"line":82},"13":{"name":"mockFetch","decl":{"start":{"line":90,"column":16},"end":{"line":90,"column":25}},"loc":{"start":{"line":90,"column":61},"end":{"line":98,"column":1}},"line":90},"14":{"name":"(anonymous_14)","decl":{"start":{"line":91,"column":23},"end":{"line":91,"column":24}},"loc":{"start":{"line":92,"column":4},"end":{"line":96,"column":6}},"line":92},"15":{"name":"(anonymous_15)","decl":{"start":{"line":95,"column":12},"end":{"line":95,"column":13}},"loc":{"start":{"line":95,"column":18},"end":{"line":95,"column":43}},"line":95},"16":{"name":"clearAllMocks","decl":{"start":{"line":101,"column":16},"end":{"line":101,"column":29}},"loc":{"start":{"line":101,"column":32},"end":{"line":104,"column":1}},"line":101}},"branchMap":{"0":{"loc":{"start":{"line":6,"column":37},"end":{"line":6,"column":57}},"type":"default-arg","locations":[{"start":{"line":6,"column":55},"end":{"line":6,"column":57}}],"line":6},"1":{"loc":{"start":{"line":6,"column":39},"end":{"line":6,"column":50}},"type":"default-arg","locations":[{"start":{"line":6,"column":47},"end":{"line":6,"column":50}}],"line":6},"2":{"loc":{"start":{"line":90,"column":36},"end":{"line":90,"column":48}},"type":"default-arg","locations":[{"start":{"line":90,"column":45},"end":{"line":90,"column":48}}],"line":90},"3":{"loc":{"start":{"line":90,"column":50},"end":{"line":90,"column":59}},"type":"default-arg","locations":[{"start":{"line":90,"column":55},"end":{"line":90,"column":59}}],"line":90}},"s":{"0":3,"1":0,"2":0,"3":0,"4":3,"5":0,"6":0,"7":0,"8":3,"9":0,"10":0,"11":0,"12":3,"13":3,"14":5,"15":5,"16":3,"17":8,"18":8,"19":8,"20":18,"21":18},"f":{"0":0,"1":0,"2":0,"3":0,"4":0,"5":0,"6":0,"7":0,"8":0,"9":5,"10":0,"11":0,"12":0,"13":8,"14":8,"15":8,"16":18},"b":{"0":[5],"1":[5],"2":[8],"3":[8]},"meta":{"lastBranch":4,"lastFunction":17,"lastStatement":22,"seen":{"s:69:2:72:6":0,"f:69:34:69:35":0,"s:69:41:72:3":1,"f:70:20:70:21":1,"s:70:26:70:67":2,"f:71:23:71:24":2,"s:71:29:71:94":3,"s:76:2:79:6":4,"f:76:36:76:37":3,"s:76:43:79:3":5,"f:77:23:77:24":4,"s:77:29:77:72":6,"f:78:25:78:26":5,"s:78:31:78:100":7,"s:83:2:86:6":8,"f:83:34:83:35":6,"s:83:41:86:3":9,"f:84:32:84:33":7,"s:84:38:84:79":10,"f:85:23:85:24":8,"s:85:29:85:100":11,"s:1:0:1:48":12,"s:2:0:2:49":13,"f:6:16:6:32":9,"b:6:55:6:57":0,"b:6:47:6:50":1,"s:7:2:7:51":14,"s:8:2:8:48":15,"s:12:32:65:1":16,"f:68:16:68:28":10,"f:75:16:75:30":11,"f:82:16:82:28":12,"f:90:16:90:25":13,"b:90:45:90:48":2,"b:90:55:90:59":3,"s:91:2:97:4":17,"f:91:23:91:24":14,"s:92:4:96:6":18,"f:95:12:95:13":15,"s:95:18:95:43":19,"f:101:16:101:29":16,"s:102:2:102:21":20,"s:103:2:103:23":21}}}
}
